[0.338s] Invoking command in '/home/yinyudream/Desktop/final_design/build/my_bot': CONDA_PROMPT_MODIFIER=(base) PYTHONPATH=/home/yinyudream/Desktop/final_design/build/my_bot/prefix_override:/usr/lib/python3/dist-packages/colcon_core/task/python/colcon_distutils_commands:/home/yinyudream/Desktop/final_design/install/my_bot/lib/python3.10/site-packages:${PYTHONPATH} /usr/bin/python3 -W ignore:setup.py install is deprecated -W ignore:easy_install command is deprecated setup.py develop --editable --build-directory /home/yinyudream/Desktop/final_design/build/my_bot/build --no-deps symlink_data
[0.471s] running develop
[0.541s] running egg_info
[0.541s] creating my_bot.egg-info
[0.541s] writing my_bot.egg-info/PKG-INFO
[0.541s] writing dependency_links to my_bot.egg-info/dependency_links.txt
[0.541s] writing entry points to my_bot.egg-info/entry_points.txt
[0.541s] writing requirements to my_bot.egg-info/requires.txt
[0.541s] writing top-level names to my_bot.egg-info/top_level.txt
[0.542s] writing manifest file 'my_bot.egg-info/SOURCES.txt'
[0.543s] reading manifest file 'my_bot.egg-info/SOURCES.txt'
[0.543s] writing manifest file 'my_bot.egg-info/SOURCES.txt'
[0.543s] running build_ext
[0.544s] Creating /home/yinyudream/Desktop/final_design/install/my_bot/lib/python3.10/site-packages/my-bot.egg-link (link to .)
[0.544s] Installing imu_odom_logger script to /home/yinyudream/Desktop/final_design/install/my_bot/lib/my_bot
[0.544s] 
[0.544s] Installed /home/yinyudream/Desktop/final_design/build/my_bot
[0.544s] running symlink_data
[0.544s] creating /home/yinyudream/Desktop/final_design/install/my_bot/share/ament_index
[0.544s] creating /home/yinyudream/Desktop/final_design/install/my_bot/share/ament_index/resource_index
[0.544s] creating /home/yinyudream/Desktop/final_design/install/my_bot/share/ament_index/resource_index/packages
[0.544s] symbolically linking /home/yinyudream/Desktop/final_design/build/my_bot/resource/my_bot -> /home/yinyudream/Desktop/final_design/install/my_bot/share/ament_index/resource_index/packages
[0.544s] symbolically linking /home/yinyudream/Desktop/final_design/build/my_bot/package.xml -> /home/yinyudream/Desktop/final_design/install/my_bot/share/my_bot
[0.544s] creating /home/yinyudream/Desktop/final_design/install/my_bot/share/my_bot/launch
[0.544s] symbolically linking /home/yinyudream/Desktop/final_design/build/my_bot/launch/sim.launch.py -> /home/yinyudream/Desktop/final_design/install/my_bot/share/my_bot/launch
[0.544s] creating /home/yinyudream/Desktop/final_design/install/my_bot/share/my_bot/urdf
[0.545s] symbolically linking /home/yinyudream/Desktop/final_design/build/my_bot/urdf/robot.urdf.xacro -> /home/yinyudream/Desktop/final_design/install/my_bot/share/my_bot/urdf
[0.545s] creating /home/yinyudream/Desktop/final_design/install/my_bot/share/my_bot/config
[0.545s] symbolically linking /home/yinyudream/Desktop/final_design/build/my_bot/config/rviz_config.rviz -> /home/yinyudream/Desktop/final_design/install/my_bot/share/my_bot/config
[0.560s] Invoked command in '/home/yinyudream/Desktop/final_design/build/my_bot' returned '0': CONDA_PROMPT_MODIFIER=(base) PYTHONPATH=/home/yinyudream/Desktop/final_design/build/my_bot/prefix_override:/usr/lib/python3/dist-packages/colcon_core/task/python/colcon_distutils_commands:/home/yinyudream/Desktop/final_design/install/my_bot/lib/python3.10/site-packages:${PYTHONPATH} /usr/bin/python3 -W ignore:setup.py install is deprecated -W ignore:easy_install command is deprecated setup.py develop --editable --build-directory /home/yinyudream/Desktop/final_design/build/my_bot/build --no-deps symlink_data
