-- Found ament_cmake: 1.3.12 (/opt/ros/humble/share/ament_cmake/cmake)
-- Override CMake install command with custom implementation using symlinks instead of copying resources
-- Found rclcpp: 16.0.15 (/opt/ros/humble/share/rclcpp/cmake)
-- Found rosidl_generator_c: 3.1.7 (/opt/ros/humble/share/rosidl_generator_c/cmake)
-- Found rosidl_adapter: 3.1.7 (/opt/ros/humble/share/rosidl_adapter/cmake)
-- Found rosidl_generator_cpp: 3.1.7 (/opt/ros/humble/share/rosidl_generator_cpp/cmake)
-- Using all available rosidl_typesupport_c: rosidl_typesupport_fastrtps_c;rosidl_typesupport_introspection_c
-- Using all available rosidl_typesupport_cpp: rosidl_typesupport_fastrtps_cpp;rosidl_typesupport_introspection_cpp
-- Found rmw_implementation_cmake: 6.1.2 (/opt/ros/humble/share/rmw_implementation_cmake/cmake)
-- Found rmw_fastrtps_cpp: 6.2.9 (/opt/ros/humble/share/rmw_fastrtps_cpp/cmake)
-- Using RMW implementation 'rmw_fastrtps_cpp' as default
-- Found rclpy: 3.3.17 (/opt/ros/humble/share/rclpy/cmake)
-- Found geometry_msgs: 4.9.0 (/opt/ros/humble/share/geometry_msgs/cmake)
-- Found sensor_msgs: 4.9.0 (/opt/ros/humble/share/sensor_msgs/cmake)
-- Found nav_msgs: 4.9.0 (/opt/ros/humble/share/nav_msgs/cmake)
-- Found xacro: 2.1.1 (/opt/ros/humble/share/xacro/cmake)
-- Configuring done
-- Generating done
-- Build files have been written to: /home/yinyudream/Desktop/final_design/build/my_bot
-- Install configuration: ""
-- Execute custom install script
-- Up-to-date symlink: /home/yinyudream/Desktop/final_design/install/my_bot/share/my_bot/launch/gazebo.launch.py
-- Up-to-date symlink: /home/yinyudream/Desktop/final_design/install/my_bot/share/my_bot/launch/rviz.launch.py
-- Up-to-date symlink: /home/yinyudream/Desktop/final_design/install/my_bot/share/my_bot/launch/teleop.launch.py
-- Up-to-date symlink: /home/yinyudream/Desktop/final_design/install/my_bot/share/my_bot/urdf/my_bot.urdf.xacro
-- Up-to-date symlink: /home/yinyudream/Desktop/final_design/install/my_bot/share/my_bot/config/ros2_control.yaml
-- Up-to-date symlink: /home/yinyudream/Desktop/final_design/install/my_bot/share/my_bot/rviz/my_bot.rviz
-- Symlinking: /home/yinyudream/Desktop/final_design/install/my_bot/share/my_bot/worlds/empty.world
-- Up-to-date symlink: /home/yinyudream/Desktop/final_design/install/my_bot/lib/my_bot/teleop_keyboard.py
-- Up-to-date symlink: /home/yinyudream/Desktop/final_design/install/my_bot/share/ament_index/resource_index/package_run_dependencies/my_bot
-- Up-to-date symlink: /home/yinyudream/Desktop/final_design/install/my_bot/share/ament_index/resource_index/parent_prefix_path/my_bot
-- Up-to-date symlink: /home/yinyudream/Desktop/final_design/install/my_bot/share/my_bot/environment/ament_prefix_path.sh
-- Up-to-date symlink: /home/yinyudream/Desktop/final_design/install/my_bot/share/my_bot/environment/ament_prefix_path.dsv
-- Up-to-date symlink: /home/yinyudream/Desktop/final_design/install/my_bot/share/my_bot/environment/path.sh
-- Up-to-date symlink: /home/yinyudream/Desktop/final_design/install/my_bot/share/my_bot/environment/path.dsv
-- Up-to-date symlink: /home/yinyudream/Desktop/final_design/install/my_bot/share/my_bot/local_setup.bash
-- Up-to-date symlink: /home/yinyudream/Desktop/final_design/install/my_bot/share/my_bot/local_setup.sh
-- Up-to-date symlink: /home/yinyudream/Desktop/final_design/install/my_bot/share/my_bot/local_setup.zsh
-- Up-to-date symlink: /home/yinyudream/Desktop/final_design/install/my_bot/share/my_bot/local_setup.dsv
-- Symlinking: /home/yinyudream/Desktop/final_design/install/my_bot/share/my_bot/package.dsv
-- Up-to-date symlink: /home/yinyudream/Desktop/final_design/install/my_bot/share/ament_index/resource_index/packages/my_bot
-- Up-to-date symlink: /home/yinyudream/Desktop/final_design/install/my_bot/share/my_bot/cmake/my_botConfig.cmake
-- Up-to-date symlink: /home/yinyudream/Desktop/final_design/install/my_bot/share/my_bot/cmake/my_botConfig-version.cmake
-- Up-to-date symlink: /home/yinyudream/Desktop/final_design/install/my_bot/share/my_bot/package.xml
