[0.008s] Invoking command in '/home/yinyudream/Desktop/final_design/build/my_bot': CMAKE_PREFIX_PATH=${CMAKE_PREFIX_PATH}:/opt/ros/humble CONDA_PROMPT_MODIFIER=(base) /usr/bin/cmake --build /home/yinyudream/Desktop/final_design/build/my_bot -- -j16 -l16
[0.025s] -- Found ament_cmake: 1.3.12 (/opt/ros/humble/share/ament_cmake/cmake)
[0.109s] -- Override CMake install command with custom implementation using symlinks instead of copying resources
[0.113s] -- Found rclcpp: 16.0.15 (/opt/ros/humble/share/rclcpp/cmake)
[0.129s] -- Found rosidl_generator_c: 3.1.7 (/opt/ros/humble/share/rosidl_generator_c/cmake)
[0.131s] -- Found rosidl_adapter: 3.1.7 (/opt/ros/humble/share/rosidl_adapter/cmake)
[0.134s] -- Found rosidl_generator_cpp: 3.1.7 (/opt/ros/humble/share/rosidl_generator_cpp/cmake)
[0.139s] -- Using all available rosidl_typesupport_c: rosidl_typesupport_fastrtps_c;rosidl_typesupport_introspection_c
[0.146s] -- Using all available rosidl_typesupport_cpp: rosidl_typesupport_fastrtps_cpp;rosidl_typesupport_introspection_cpp
[0.164s] -- Found rmw_implementation_cmake: 6.1.2 (/opt/ros/humble/share/rmw_implementation_cmake/cmake)
[0.164s] -- Found rmw_fastrtps_cpp: 6.2.9 (/opt/ros/humble/share/rmw_fastrtps_cpp/cmake)
[0.229s] -- Using RMW implementation 'rmw_fastrtps_cpp' as default
[0.256s] -- Found rclpy: 3.3.17 (/opt/ros/humble/share/rclpy/cmake)
[0.256s] -- Found geometry_msgs: 4.9.0 (/opt/ros/humble/share/geometry_msgs/cmake)
[0.263s] -- Found sensor_msgs: 4.9.0 (/opt/ros/humble/share/sensor_msgs/cmake)
[0.272s] -- Found nav_msgs: 4.9.0 (/opt/ros/humble/share/nav_msgs/cmake)
[0.281s] -- Found xacro: 2.1.1 (/opt/ros/humble/share/xacro/cmake)
[0.338s] -- Configuring done
[0.340s] -- Generating done
[0.342s] -- Build files have been written to: /home/yinyudream/Desktop/final_design/build/my_bot
[0.361s] Invoked command in '/home/yinyudream/Desktop/final_design/build/my_bot' returned '0': CMAKE_PREFIX_PATH=${CMAKE_PREFIX_PATH}:/opt/ros/humble CONDA_PROMPT_MODIFIER=(base) /usr/bin/cmake --build /home/yinyudream/Desktop/final_design/build/my_bot -- -j16 -l16
[0.368s] Invoking command in '/home/yinyudream/Desktop/final_design/build/my_bot': CMAKE_PREFIX_PATH=${CMAKE_PREFIX_PATH}:/opt/ros/humble CONDA_PROMPT_MODIFIER=(base) /usr/bin/cmake --install /home/yinyudream/Desktop/final_design/build/my_bot
[0.374s] -- Install configuration: ""
[0.374s] -- Execute custom install script
[0.374s] -- Up-to-date symlink: /home/yinyudream/Desktop/final_design/install/my_bot/share/my_bot/launch/gazebo.launch.py
[0.375s] -- Up-to-date symlink: /home/yinyudream/Desktop/final_design/install/my_bot/share/my_bot/launch/rviz.launch.py
[0.375s] -- Up-to-date symlink: /home/yinyudream/Desktop/final_design/install/my_bot/share/my_bot/launch/teleop.launch.py
[0.375s] -- Up-to-date symlink: /home/yinyudream/Desktop/final_design/install/my_bot/share/my_bot/urdf/my_bot.urdf.xacro
[0.375s] -- Up-to-date symlink: /home/yinyudream/Desktop/final_design/install/my_bot/share/my_bot/config/ros2_control.yaml
[0.375s] -- Up-to-date symlink: /home/yinyudream/Desktop/final_design/install/my_bot/share/my_bot/rviz/my_bot.rviz
[0.375s] -- Symlinking: /home/yinyudream/Desktop/final_design/install/my_bot/share/my_bot/worlds/empty.world
[0.380s] -- Up-to-date symlink: /home/yinyudream/Desktop/final_design/install/my_bot/lib/my_bot/teleop_keyboard.py
[0.380s] -- Up-to-date symlink: /home/yinyudream/Desktop/final_design/install/my_bot/share/ament_index/resource_index/package_run_dependencies/my_bot
[0.380s] -- Up-to-date symlink: /home/yinyudream/Desktop/final_design/install/my_bot/share/ament_index/resource_index/parent_prefix_path/my_bot
[0.380s] -- Up-to-date symlink: /home/yinyudream/Desktop/final_design/install/my_bot/share/my_bot/environment/ament_prefix_path.sh
[0.380s] -- Up-to-date symlink: /home/yinyudream/Desktop/final_design/install/my_bot/share/my_bot/environment/ament_prefix_path.dsv
[0.380s] -- Up-to-date symlink: /home/yinyudream/Desktop/final_design/install/my_bot/share/my_bot/environment/path.sh
[0.381s] -- Up-to-date symlink: /home/yinyudream/Desktop/final_design/install/my_bot/share/my_bot/environment/path.dsv
[0.381s] -- Up-to-date symlink: /home/yinyudream/Desktop/final_design/install/my_bot/share/my_bot/local_setup.bash
[0.381s] -- Up-to-date symlink: /home/yinyudream/Desktop/final_design/install/my_bot/share/my_bot/local_setup.sh
[0.381s] -- Up-to-date symlink: /home/yinyudream/Desktop/final_design/install/my_bot/share/my_bot/local_setup.zsh
[0.381s] -- Up-to-date symlink: /home/yinyudream/Desktop/final_design/install/my_bot/share/my_bot/local_setup.dsv
[0.381s] -- Symlinking: /home/yinyudream/Desktop/final_design/install/my_bot/share/my_bot/package.dsv
[0.389s] -- Up-to-date symlink: /home/yinyudream/Desktop/final_design/install/my_bot/share/ament_index/resource_index/packages/my_bot
[0.389s] -- Up-to-date symlink: /home/yinyudream/Desktop/final_design/install/my_bot/share/my_bot/cmake/my_botConfig.cmake
[0.389s] -- Up-to-date symlink: /home/yinyudream/Desktop/final_design/install/my_bot/share/my_bot/cmake/my_botConfig-version.cmake
[0.389s] -- Up-to-date symlink: /home/yinyudream/Desktop/final_design/install/my_bot/share/my_bot/package.xml
[0.391s] Invoked command in '/home/yinyudream/Desktop/final_design/build/my_bot' returned '0': CMAKE_PREFIX_PATH=${CMAKE_PREFIX_PATH}:/opt/ros/humble CONDA_PROMPT_MODIFIER=(base) /usr/bin/cmake --install /home/yinyudream/Desktop/final_design/build/my_bot
