running egg_info
creating ../../build/my_bot/my_bot.egg-info
writing ../../build/my_bot/my_bot.egg-info/PKG-INFO
writing dependency_links to ../../build/my_bot/my_bot.egg-info/dependency_links.txt
writing entry points to ../../build/my_bot/my_bot.egg-info/entry_points.txt
writing requirements to ../../build/my_bot/my_bot.egg-info/requires.txt
writing top-level names to ../../build/my_bot/my_bot.egg-info/top_level.txt
writing manifest file '../../build/my_bot/my_bot.egg-info/SOURCES.txt'
reading manifest file '../../build/my_bot/my_bot.egg-info/SOURCES.txt'
writing manifest file '../../build/my_bot/my_bot.egg-info/SOURCES.txt'
running build
running build_py
creating /home/yinyudream/Desktop/final_design/ros2_ws/build/my_bot/build
creating /home/yinyudream/Desktop/final_design/ros2_ws/build/my_bot/build/lib
creating /home/yinyudream/Desktop/final_design/ros2_ws/build/my_bot/build/lib/my_bot
copying my_bot/imu_odom_logger.py -> /home/yinyudream/Desktop/final_design/ros2_ws/build/my_bot/build/lib/my_bot
copying my_bot/__init__.py -> /home/yinyudream/Desktop/final_design/ros2_ws/build/my_bot/build/lib/my_bot
running install
running install_lib
creating /home/yinyudream/Desktop/final_design/ros2_ws/install/my_bot/lib/python3.10/site-packages/my_bot
copying /home/yinyudream/Desktop/final_design/ros2_ws/build/my_bot/build/lib/my_bot/imu_odom_logger.py -> /home/yinyudream/Desktop/final_design/ros2_ws/install/my_bot/lib/python3.10/site-packages/my_bot
copying /home/yinyudream/Desktop/final_design/ros2_ws/build/my_bot/build/lib/my_bot/__init__.py -> /home/yinyudream/Desktop/final_design/ros2_ws/install/my_bot/lib/python3.10/site-packages/my_bot
byte-compiling /home/yinyudream/Desktop/final_design/ros2_ws/install/my_bot/lib/python3.10/site-packages/my_bot/imu_odom_logger.py to imu_odom_logger.cpython-310.pyc
byte-compiling /home/yinyudream/Desktop/final_design/ros2_ws/install/my_bot/lib/python3.10/site-packages/my_bot/__init__.py to __init__.cpython-310.pyc
running install_data
creating /home/yinyudream/Desktop/final_design/ros2_ws/install/my_bot/share/ament_index
creating /home/yinyudream/Desktop/final_design/ros2_ws/install/my_bot/share/ament_index/resource_index
creating /home/yinyudream/Desktop/final_design/ros2_ws/install/my_bot/share/ament_index/resource_index/packages
copying resource/my_bot -> /home/yinyudream/Desktop/final_design/ros2_ws/install/my_bot/share/ament_index/resource_index/packages
copying package.xml -> /home/yinyudream/Desktop/final_design/ros2_ws/install/my_bot/share/my_bot
creating /home/yinyudream/Desktop/final_design/ros2_ws/install/my_bot/share/my_bot/launch
copying launch/sim.launch.py -> /home/yinyudream/Desktop/final_design/ros2_ws/install/my_bot/share/my_bot/launch
creating /home/yinyudream/Desktop/final_design/ros2_ws/install/my_bot/share/my_bot/urdf
copying urdf/robot.urdf.xacro -> /home/yinyudream/Desktop/final_design/ros2_ws/install/my_bot/share/my_bot/urdf
creating /home/yinyudream/Desktop/final_design/ros2_ws/install/my_bot/share/my_bot/config
copying config/rviz_config.rviz -> /home/yinyudream/Desktop/final_design/ros2_ws/install/my_bot/share/my_bot/config
running install_egg_info
Copying ../../build/my_bot/my_bot.egg-info to /home/yinyudream/Desktop/final_design/ros2_ws/install/my_bot/lib/python3.10/site-packages/my_bot-0.0.0-py3.10.egg-info
running install_scripts
Installing imu_odom_logger script to /home/yinyudream/Desktop/final_design/ros2_ws/install/my_bot/bin
writing list of installed files to '/home/yinyudream/Desktop/final_design/ros2_ws/build/my_bot/install.log'
