[0.376s] Invoking command in '/home/yinyudream/Desktop/final_design/ros2_ws/src/my_bot': CONDA_PROMPT_MODIFIER=(base) PYTHONPATH=/home/yinyudream/Desktop/final_design/ros2_ws/build/my_bot/prefix_override:/usr/lib/python3/dist-packages/colcon_core/task/python/colcon_distutils_commands:/home/yinyudream/Desktop/final_design/ros2_ws/install/my_bot/lib/python3.10/site-packages:${PYTHONPATH} /usr/bin/python3 -W ignore:setup.py install is deprecated -W ignore:easy_install command is deprecated setup.py egg_info --egg-base ../../build/my_bot build --build-base /home/yinyudream/Desktop/final_design/ros2_ws/build/my_bot/build install --record /home/yinyudream/Desktop/final_design/ros2_ws/build/my_bot/install.log --single-version-externally-managed install_data
[0.496s] running egg_info
[0.497s] creating ../../build/my_bot/my_bot.egg-info
[0.497s] writing ../../build/my_bot/my_bot.egg-info/PKG-INFO
[0.497s] writing dependency_links to ../../build/my_bot/my_bot.egg-info/dependency_links.txt
[0.497s] writing entry points to ../../build/my_bot/my_bot.egg-info/entry_points.txt
[0.497s] writing requirements to ../../build/my_bot/my_bot.egg-info/requires.txt
[0.497s] writing top-level names to ../../build/my_bot/my_bot.egg-info/top_level.txt
[0.497s] writing manifest file '../../build/my_bot/my_bot.egg-info/SOURCES.txt'
[0.498s] reading manifest file '../../build/my_bot/my_bot.egg-info/SOURCES.txt'
[0.498s] writing manifest file '../../build/my_bot/my_bot.egg-info/SOURCES.txt'
[0.498s] running build
[0.498s] running build_py
[0.498s] creating /home/yinyudream/Desktop/final_design/ros2_ws/build/my_bot/build
[0.498s] creating /home/yinyudream/Desktop/final_design/ros2_ws/build/my_bot/build/lib
[0.498s] creating /home/yinyudream/Desktop/final_design/ros2_ws/build/my_bot/build/lib/my_bot
[0.498s] copying my_bot/imu_odom_logger.py -> /home/yinyudream/Desktop/final_design/ros2_ws/build/my_bot/build/lib/my_bot
[0.498s] copying my_bot/__init__.py -> /home/yinyudream/Desktop/final_design/ros2_ws/build/my_bot/build/lib/my_bot
[0.498s] running install
[0.499s] running install_lib
[0.499s] creating /home/yinyudream/Desktop/final_design/ros2_ws/install/my_bot/lib/python3.10/site-packages/my_bot
[0.499s] copying /home/yinyudream/Desktop/final_design/ros2_ws/build/my_bot/build/lib/my_bot/imu_odom_logger.py -> /home/yinyudream/Desktop/final_design/ros2_ws/install/my_bot/lib/python3.10/site-packages/my_bot
[0.499s] copying /home/yinyudream/Desktop/final_design/ros2_ws/build/my_bot/build/lib/my_bot/__init__.py -> /home/yinyudream/Desktop/final_design/ros2_ws/install/my_bot/lib/python3.10/site-packages/my_bot
[0.499s] byte-compiling /home/yinyudream/Desktop/final_design/ros2_ws/install/my_bot/lib/python3.10/site-packages/my_bot/imu_odom_logger.py to imu_odom_logger.cpython-310.pyc
[0.500s] byte-compiling /home/yinyudream/Desktop/final_design/ros2_ws/install/my_bot/lib/python3.10/site-packages/my_bot/__init__.py to __init__.cpython-310.pyc
[0.500s] running install_data
[0.500s] creating /home/yinyudream/Desktop/final_design/ros2_ws/install/my_bot/share/ament_index
[0.500s] creating /home/yinyudream/Desktop/final_design/ros2_ws/install/my_bot/share/ament_index/resource_index
[0.500s] creating /home/yinyudream/Desktop/final_design/ros2_ws/install/my_bot/share/ament_index/resource_index/packages
[0.500s] copying resource/my_bot -> /home/yinyudream/Desktop/final_design/ros2_ws/install/my_bot/share/ament_index/resource_index/packages
[0.500s] copying package.xml -> /home/yinyudream/Desktop/final_design/ros2_ws/install/my_bot/share/my_bot
[0.500s] creating /home/yinyudream/Desktop/final_design/ros2_ws/install/my_bot/share/my_bot/launch
[0.500s] copying launch/sim.launch.py -> /home/yinyudream/Desktop/final_design/ros2_ws/install/my_bot/share/my_bot/launch
[0.500s] creating /home/yinyudream/Desktop/final_design/ros2_ws/install/my_bot/share/my_bot/urdf
[0.500s] copying urdf/robot.urdf.xacro -> /home/yinyudream/Desktop/final_design/ros2_ws/install/my_bot/share/my_bot/urdf
[0.500s] creating /home/yinyudream/Desktop/final_design/ros2_ws/install/my_bot/share/my_bot/config
[0.500s] copying config/rviz_config.rviz -> /home/yinyudream/Desktop/final_design/ros2_ws/install/my_bot/share/my_bot/config
[0.500s] running install_egg_info
[0.501s] Copying ../../build/my_bot/my_bot.egg-info to /home/yinyudream/Desktop/final_design/ros2_ws/install/my_bot/lib/python3.10/site-packages/my_bot-0.0.0-py3.10.egg-info
[0.502s] running install_scripts
[0.515s] Installing imu_odom_logger script to /home/yinyudream/Desktop/final_design/ros2_ws/install/my_bot/bin
[0.515s] writing list of installed files to '/home/yinyudream/Desktop/final_design/ros2_ws/build/my_bot/install.log'
[0.529s] Invoked command in '/home/yinyudream/Desktop/final_design/ros2_ws/src/my_bot' returned '0': CONDA_PROMPT_MODIFIER=(base) PYTHONPATH=/home/yinyudream/Desktop/final_design/ros2_ws/build/my_bot/prefix_override:/usr/lib/python3/dist-packages/colcon_core/task/python/colcon_distutils_commands:/home/yinyudream/Desktop/final_design/ros2_ws/install/my_bot/lib/python3.10/site-packages:${PYTHONPATH} /usr/bin/python3 -W ignore:setup.py install is deprecated -W ignore:easy_install command is deprecated setup.py egg_info --egg-base ../../build/my_bot build --build-base /home/yinyudream/Desktop/final_design/ros2_ws/build/my_bot/build install --record /home/yinyudream/Desktop/final_design/ros2_ws/build/my_bot/install.log --single-version-externally-managed install_data
