-- The C compiler identification is GNU 11.4.0
-- The CXX compiler identification is GNU 11.4.0
-- Detecting C compiler ABI info
-- Detecting C compiler ABI info - done
-- Check for working C compiler: /usr/bin/cc - skipped
-- Detecting C compile features
-- Detecting C compile features - done
-- Detecting CXX compiler ABI info
-- Detecting CXX compiler ABI info - done
-- Check for working CXX compiler: /usr/bin/c++ - skipped
-- Detecting CXX compile features
-- Detecting CXX compile features - done
-- Found ament_cmake: 1.3.12 (/opt/ros/humble/share/ament_cmake/cmake)
-- Found Python3: /home/yinyudream/miniconda3/bin/python3 (found version "3.12.9") found components: Interpreter 
-- Found rclpy: 3.3.17 (/opt/ros/humble/share/rclpy/cmake)
-- Found geometry_msgs: 4.9.0 (/opt/ros/humble/share/geometry_msgs/cmake)
-- Found rosidl_generator_c: 3.1.7 (/opt/ros/humble/share/rosidl_generator_c/cmake)
-- Found rosidl_adapter: 3.1.7 (/opt/ros/humble/share/rosidl_adapter/cmake)
-- Found rosidl_generator_cpp: 3.1.7 (/opt/ros/humble/share/rosidl_generator_cpp/cmake)
-- Using all available rosidl_typesupport_c: rosidl_typesupport_fastrtps_c;rosidl_typesupport_introspection_c
-- Using all available rosidl_typesupport_cpp: rosidl_typesupport_fastrtps_cpp;rosidl_typesupport_introspection_cpp
-- Found ros_gz_sim: 0.244.20 (/opt/ros/humble/share/ros_gz_sim/cmake)
-- Found rmw_implementation_cmake: 6.1.2 (/opt/ros/humble/share/rmw_implementation_cmake/cmake)
-- Found rmw_fastrtps_cpp: 6.2.9 (/opt/ros/humble/share/rmw_fastrtps_cpp/cmake)
-- Found OpenSSL: /usr/lib/x86_64-linux-gnu/libcrypto.so (found version "3.0.2")  
-- Found FastRTPS: /opt/ros/humble/include  
-- Using RMW implementation 'rmw_fastrtps_cpp' as default
-- Looking for pthread.h
-- Looking for pthread.h - found
-- Performing Test CMAKE_HAVE_LIBC_PTHREAD
-- Performing Test CMAKE_HAVE_LIBC_PTHREAD - Success
-- Found Threads: TRUE  
-- Found ros_gz_bridge: 0.244.20 (/opt/ros/humble/share/ros_gz_bridge/cmake)
-- Found Protobuf: /usr/lib/x86_64-linux-gnu/libprotobuf.so (found suitable version "3.12.4", minimum required is "3") 
-- Found Protobuf: /usr/lib/x86_64-linux-gnu/libprotobuf.so (found version "3.12.4") 
-- Found robot_state_publisher: 3.0.3 (/opt/ros/humble/share/robot_state_publisher/cmake)
-- Found eigen3_cmake_module: 0.1.1 (/opt/ros/humble/share/eigen3_cmake_module/cmake)
-- Found Eigen3: TRUE (found version "3.4.0") 
-- Ensuring Eigen3 include directory is part of orocos-kdl CMake target
-- Found rviz2: 11.2.22 (/opt/ros/humble/share/rviz2/cmake)
-- Found xacro: 2.1.1 (/opt/ros/humble/share/xacro/cmake)
-- Found ament_lint_auto: 0.12.14 (/opt/ros/humble/share/ament_lint_auto/cmake)
-- Added test 'flake8' to check Python code syntax and style conventions
-- Added test 'lint_cmake' to check CMake code style
-- Added test 'pep257' to check Python code against some of the docstring style conventions in PEP 257
-- Added test 'xmllint' to check XML markup files
-- Configuring done
-- Generating done
-- Build files have been written to: /home/yinyudream/Desktop/final_design/build/simple_car_sim
-- Install configuration: ""
-- Installing: /home/yinyudream/Desktop/final_design/install/simple_car_sim/share/simple_car_sim/launch
-- Installing: /home/yinyudream/Desktop/final_design/install/simple_car_sim/share/simple_car_sim/launch/simulation.launch.py
-- Installing: /home/yinyudream/Desktop/final_design/install/simple_car_sim/share/simple_car_sim/urdf
-- Installing: /home/yinyudream/Desktop/final_design/install/simple_car_sim/share/simple_car_sim/urdf/robot.urdf.xacro
-- Installing: /home/yinyudream/Desktop/final_design/install/simple_car_sim/share/simple_car_sim/worlds
-- Installing: /home/yinyudream/Desktop/final_design/install/simple_car_sim/share/simple_car_sim/worlds/car_world.sdf
-- Installing: /home/yinyudream/Desktop/final_design/install/simple_car_sim/share/simple_car_sim/rviz
-- Installing: /home/yinyudream/Desktop/final_design/install/simple_car_sim/share/simple_car_sim/rviz/config.rviz
-- Installing: /home/yinyudream/Desktop/final_design/install/simple_car_sim/share/ament_index/resource_index/package_run_dependencies/simple_car_sim
-- Installing: /home/yinyudream/Desktop/final_design/install/simple_car_sim/share/ament_index/resource_index/parent_prefix_path/simple_car_sim
-- Installing: /home/yinyudream/Desktop/final_design/install/simple_car_sim/share/simple_car_sim/environment/ament_prefix_path.sh
-- Installing: /home/yinyudream/Desktop/final_design/install/simple_car_sim/share/simple_car_sim/environment/ament_prefix_path.dsv
-- Installing: /home/yinyudream/Desktop/final_design/install/simple_car_sim/share/simple_car_sim/environment/path.sh
-- Installing: /home/yinyudream/Desktop/final_design/install/simple_car_sim/share/simple_car_sim/environment/path.dsv
-- Installing: /home/yinyudream/Desktop/final_design/install/simple_car_sim/share/simple_car_sim/local_setup.bash
-- Installing: /home/yinyudream/Desktop/final_design/install/simple_car_sim/share/simple_car_sim/local_setup.sh
-- Installing: /home/yinyudream/Desktop/final_design/install/simple_car_sim/share/simple_car_sim/local_setup.zsh
-- Installing: /home/yinyudream/Desktop/final_design/install/simple_car_sim/share/simple_car_sim/local_setup.dsv
-- Installing: /home/yinyudream/Desktop/final_design/install/simple_car_sim/share/simple_car_sim/package.dsv
-- Installing: /home/yinyudream/Desktop/final_design/install/simple_car_sim/share/ament_index/resource_index/packages/simple_car_sim
-- Installing: /home/yinyudream/Desktop/final_design/install/simple_car_sim/share/simple_car_sim/cmake/simple_car_simConfig.cmake
-- Installing: /home/yinyudream/Desktop/final_design/install/simple_car_sim/share/simple_car_sim/cmake/simple_car_simConfig-version.cmake
-- Installing: /home/yinyudream/Desktop/final_design/install/simple_car_sim/share/simple_car_sim/package.xml
