[0.007s] Invoking command in '/home/yinyudream/Desktop/final_design/build/simple_car_sim': CMAKE_PREFIX_PATH=/opt/ros/humble CONDA_PROMPT_MODIFIER=(base) /usr/bin/cmake /home/yinyudream/Desktop/final_design/src/simple_car_sim -DCMAKE_INSTALL_PREFIX=/home/yinyudream/Desktop/final_design/install/simple_car_sim
[0.045s] -- The C compiler identification is GNU 11.4.0
[0.083s] -- The CXX compiler identification is GNU 11.4.0
[0.088s] -- Detecting C compiler ABI info
[0.139s] -- Detecting C compiler ABI info - done
[0.146s] -- Check for working C compiler: /usr/bin/cc - skipped
[0.146s] -- Detecting C compile features
[0.147s] -- Detecting C compile features - done
[0.148s] -- Detecting CXX compiler ABI info
[0.206s] -- Detecting CXX compiler ABI info - done
[0.211s] -- Check for working CXX compiler: /usr/bin/c++ - skipped
[0.211s] -- Detecting CXX compile features
[0.211s] -- Detecting CXX compile features - done
[0.212s] -- Found ament_cmake: 1.3.12 (/opt/ros/humble/share/ament_cmake/cmake)
[0.452s] -- Found Python3: /home/yinyudream/miniconda3/bin/python3 (found version "3.12.9") found components: Interpreter 
[0.515s] -- Found rclpy: 3.3.17 (/opt/ros/humble/share/rclpy/cmake)
[0.516s] -- Found geometry_msgs: 4.9.0 (/opt/ros/humble/share/geometry_msgs/cmake)
[0.537s] -- Found rosidl_generator_c: 3.1.7 (/opt/ros/humble/share/rosidl_generator_c/cmake)
[0.539s] -- Found rosidl_adapter: 3.1.7 (/opt/ros/humble/share/rosidl_adapter/cmake)
[0.543s] -- Found rosidl_generator_cpp: 3.1.7 (/opt/ros/humble/share/rosidl_generator_cpp/cmake)
[0.549s] -- Using all available rosidl_typesupport_c: rosidl_typesupport_fastrtps_c;rosidl_typesupport_introspection_c
[0.557s] -- Using all available rosidl_typesupport_cpp: rosidl_typesupport_fastrtps_cpp;rosidl_typesupport_introspection_cpp
[0.578s] -- Found ros_gz_sim: 0.244.20 (/opt/ros/humble/share/ros_gz_sim/cmake)
[0.599s] -- Found rmw_implementation_cmake: 6.1.2 (/opt/ros/humble/share/rmw_implementation_cmake/cmake)
[0.600s] -- Found rmw_fastrtps_cpp: 6.2.9 (/opt/ros/humble/share/rmw_fastrtps_cpp/cmake)
[0.658s] -- Found OpenSSL: /usr/lib/x86_64-linux-gnu/libcrypto.so (found version "3.0.2")  
[0.676s] -- Found FastRTPS: /opt/ros/humble/include  
[0.703s] -- Using RMW implementation 'rmw_fastrtps_cpp' as default
[0.708s] -- Looking for pthread.h
[0.759s] -- Looking for pthread.h - found
[0.759s] -- Performing Test CMAKE_HAVE_LIBC_PTHREAD
[0.810s] -- Performing Test CMAKE_HAVE_LIBC_PTHREAD - Success
[0.811s] -- Found Threads: TRUE  
[0.833s] -- Found ros_gz_bridge: 0.244.20 (/opt/ros/humble/share/ros_gz_bridge/cmake)
[0.871s] -- Found Protobuf: /usr/lib/x86_64-linux-gnu/libprotobuf.so (found suitable version "3.12.4", minimum required is "3") 
[0.925s] -- Found Protobuf: /usr/lib/x86_64-linux-gnu/libprotobuf.so (found version "3.12.4") 
[1.195s] -- Found robot_state_publisher: 3.0.3 (/opt/ros/humble/share/robot_state_publisher/cmake)
[1.204s] -- Found eigen3_cmake_module: 0.1.1 (/opt/ros/humble/share/eigen3_cmake_module/cmake)
[1.205s] -- Found Eigen3: TRUE (found version "3.4.0") 
[1.205s] -- Ensuring Eigen3 include directory is part of orocos-kdl CMake target
[1.238s] -- Found rviz2: 11.2.22 (/opt/ros/humble/share/rviz2/cmake)
[1.238s] -- Found xacro: 2.1.1 (/opt/ros/humble/share/xacro/cmake)
[1.239s] -- Found ament_lint_auto: 0.12.14 (/opt/ros/humble/share/ament_lint_auto/cmake)
[1.302s] -- Added test 'flake8' to check Python code syntax and style conventions
[1.303s] -- Added test 'lint_cmake' to check CMake code style
[1.303s] -- Added test 'pep257' to check Python code against some of the docstring style conventions in PEP 257
[1.304s] -- Added test 'xmllint' to check XML markup files
[1.304s] -- Configuring done
[1.307s] -- Generating done
[1.309s] -- Build files have been written to: /home/yinyudream/Desktop/final_design/build/simple_car_sim
[1.318s] Invoked command in '/home/yinyudream/Desktop/final_design/build/simple_car_sim' returned '0': CMAKE_PREFIX_PATH=/opt/ros/humble CONDA_PROMPT_MODIFIER=(base) /usr/bin/cmake /home/yinyudream/Desktop/final_design/src/simple_car_sim -DCMAKE_INSTALL_PREFIX=/home/yinyudream/Desktop/final_design/install/simple_car_sim
[1.319s] Invoking command in '/home/yinyudream/Desktop/final_design/build/simple_car_sim': CMAKE_PREFIX_PATH=/opt/ros/humble CONDA_PROMPT_MODIFIER=(base) /usr/bin/cmake --build /home/yinyudream/Desktop/final_design/build/simple_car_sim -- -j16 -l16
[1.350s] Invoked command in '/home/yinyudream/Desktop/final_design/build/simple_car_sim' returned '0': CMAKE_PREFIX_PATH=/opt/ros/humble CONDA_PROMPT_MODIFIER=(base) /usr/bin/cmake --build /home/yinyudream/Desktop/final_design/build/simple_car_sim -- -j16 -l16
[1.356s] Invoking command in '/home/yinyudream/Desktop/final_design/build/simple_car_sim': CMAKE_PREFIX_PATH=/opt/ros/humble CONDA_PROMPT_MODIFIER=(base) /usr/bin/cmake --install /home/yinyudream/Desktop/final_design/build/simple_car_sim
[1.362s] -- Install configuration: ""
[1.362s] -- Installing: /home/yinyudream/Desktop/final_design/install/simple_car_sim/share/simple_car_sim/launch
[1.362s] -- Installing: /home/yinyudream/Desktop/final_design/install/simple_car_sim/share/simple_car_sim/launch/simulation.launch.py
[1.362s] -- Installing: /home/yinyudream/Desktop/final_design/install/simple_car_sim/share/simple_car_sim/urdf
[1.363s] -- Installing: /home/yinyudream/Desktop/final_design/install/simple_car_sim/share/simple_car_sim/urdf/robot.urdf.xacro
[1.363s] -- Installing: /home/yinyudream/Desktop/final_design/install/simple_car_sim/share/simple_car_sim/worlds
[1.363s] -- Installing: /home/yinyudream/Desktop/final_design/install/simple_car_sim/share/simple_car_sim/worlds/car_world.sdf
[1.363s] -- Installing: /home/yinyudream/Desktop/final_design/install/simple_car_sim/share/simple_car_sim/rviz
[1.363s] -- Installing: /home/yinyudream/Desktop/final_design/install/simple_car_sim/share/simple_car_sim/rviz/config.rviz
[1.363s] -- Installing: /home/yinyudream/Desktop/final_design/install/simple_car_sim/share/ament_index/resource_index/package_run_dependencies/simple_car_sim
[1.363s] -- Installing: /home/yinyudream/Desktop/final_design/install/simple_car_sim/share/ament_index/resource_index/parent_prefix_path/simple_car_sim
[1.363s] -- Installing: /home/yinyudream/Desktop/final_design/install/simple_car_sim/share/simple_car_sim/environment/ament_prefix_path.sh
[1.363s] -- Installing: /home/yinyudream/Desktop/final_design/install/simple_car_sim/share/simple_car_sim/environment/ament_prefix_path.dsv
[1.363s] -- Installing: /home/yinyudream/Desktop/final_design/install/simple_car_sim/share/simple_car_sim/environment/path.sh
[1.364s] -- Installing: /home/yinyudream/Desktop/final_design/install/simple_car_sim/share/simple_car_sim/environment/path.dsv
[1.364s] -- Installing: /home/yinyudream/Desktop/final_design/install/simple_car_sim/share/simple_car_sim/local_setup.bash
[1.364s] -- Installing: /home/yinyudream/Desktop/final_design/install/simple_car_sim/share/simple_car_sim/local_setup.sh
[1.364s] -- Installing: /home/yinyudream/Desktop/final_design/install/simple_car_sim/share/simple_car_sim/local_setup.zsh
[1.364s] -- Installing: /home/yinyudream/Desktop/final_design/install/simple_car_sim/share/simple_car_sim/local_setup.dsv
[1.364s] -- Installing: /home/yinyudream/Desktop/final_design/install/simple_car_sim/share/simple_car_sim/package.dsv
[1.364s] -- Installing: /home/yinyudream/Desktop/final_design/install/simple_car_sim/share/ament_index/resource_index/packages/simple_car_sim
[1.364s] -- Installing: /home/yinyudream/Desktop/final_design/install/simple_car_sim/share/simple_car_sim/cmake/simple_car_simConfig.cmake
[1.364s] -- Installing: /home/yinyudream/Desktop/final_design/install/simple_car_sim/share/simple_car_sim/cmake/simple_car_simConfig-version.cmake
[1.364s] -- Installing: /home/yinyudream/Desktop/final_design/install/simple_car_sim/share/simple_car_sim/package.xml
[1.366s] Invoked command in '/home/yinyudream/Desktop/final_design/build/simple_car_sim' returned '0': CMAKE_PREFIX_PATH=/opt/ros/humble CONDA_PROMPT_MODIFIER=(base) /usr/bin/cmake --install /home/yinyudream/Desktop/final_design/build/simple_car_sim
