[0.326s] Invoking command in '/home/yinyudream/Desktop/final_design/ros2_ws/src/my_bot': CONDA_PROMPT_MODIFIER=(base) PYTHONPATH=/home/yinyudream/Desktop/final_design/ros2_ws/build/my_bot/prefix_override:/usr/lib/python3/dist-packages/colcon_core/task/python/colcon_distutils_commands:/home/yinyudream/Desktop/final_design/ros2_ws/install/my_bot/lib/python3.10/site-packages:${PYTHONPATH} /usr/bin/python3 -W ignore:setup.py install is deprecated -W ignore:easy_install command is deprecated setup.py egg_info --egg-base ../../build/my_bot build --build-base /home/yinyudream/Desktop/final_design/ros2_ws/build/my_bot/build install --record /home/yinyudream/Desktop/final_design/ros2_ws/build/my_bot/install.log --single-version-externally-managed install_data
[0.448s] running egg_info
[0.448s] writing ../../build/my_bot/my_bot.egg-info/PKG-INFO
[0.448s] writing dependency_links to ../../build/my_bot/my_bot.egg-info/dependency_links.txt
[0.448s] writing entry points to ../../build/my_bot/my_bot.egg-info/entry_points.txt
[0.448s] writing requirements to ../../build/my_bot/my_bot.egg-info/requires.txt
[0.449s] writing top-level names to ../../build/my_bot/my_bot.egg-info/top_level.txt
[0.449s] reading manifest file '../../build/my_bot/my_bot.egg-info/SOURCES.txt'
[0.450s] writing manifest file '../../build/my_bot/my_bot.egg-info/SOURCES.txt'
[0.450s] running build
[0.450s] running build_py
[0.450s] running install
[0.450s] running install_lib
[0.451s] running install_data
[0.451s] copying launch/sim.launch.py -> /home/yinyudream/Desktop/final_design/ros2_ws/install/my_bot/share/my_bot/launch
[0.451s] copying urdf/robot.urdf.xacro -> /home/yinyudream/Desktop/final_design/ros2_ws/install/my_bot/share/my_bot/urdf
[0.451s] running install_egg_info
[0.452s] removing '/home/yinyudream/Desktop/final_design/ros2_ws/install/my_bot/lib/python3.10/site-packages/my_bot-0.0.0-py3.10.egg-info' (and everything under it)
[0.452s] Copying ../../build/my_bot/my_bot.egg-info to /home/yinyudream/Desktop/final_design/ros2_ws/install/my_bot/lib/python3.10/site-packages/my_bot-0.0.0-py3.10.egg-info
[0.453s] running install_scripts
[0.466s] Installing imu_odom_logger script to /home/yinyudream/Desktop/final_design/ros2_ws/install/my_bot/bin
[0.466s] writing list of installed files to '/home/yinyudream/Desktop/final_design/ros2_ws/build/my_bot/install.log'
[0.481s] Invoked command in '/home/yinyudream/Desktop/final_design/ros2_ws/src/my_bot' returned '0': CONDA_PROMPT_MODIFIER=(base) PYTHONPATH=/home/yinyudream/Desktop/final_design/ros2_ws/build/my_bot/prefix_override:/usr/lib/python3/dist-packages/colcon_core/task/python/colcon_distutils_commands:/home/yinyudream/Desktop/final_design/ros2_ws/install/my_bot/lib/python3.10/site-packages:${PYTHONPATH} /usr/bin/python3 -W ignore:setup.py install is deprecated -W ignore:easy_install command is deprecated setup.py egg_info --egg-base ../../build/my_bot build --build-base /home/yinyudream/Desktop/final_design/ros2_ws/build/my_bot/build install --record /home/yinyudream/Desktop/final_design/ros2_ws/build/my_bot/install.log --single-version-externally-managed install_data
