[0.007s] Invoking command in '/home/yinyudream/Desktop/final_design/build/my_bot': CMAKE_PREFIX_PATH=${CMAKE_PREFIX_PATH}:/opt/ros/humble CONDA_PROMPT_MODIFIER=(base) /usr/bin/cmake --build /home/yinyudream/Desktop/final_design/build/my_bot -- -j16 -l16
[0.039s] Invoked command in '/home/yinyudream/Desktop/final_design/build/my_bot' returned '0': CMAKE_PREFIX_PATH=${CMAKE_PREFIX_PATH}:/opt/ros/humble CONDA_PROMPT_MODIFIER=(base) /usr/bin/cmake --build /home/yinyudream/Desktop/final_design/build/my_bot -- -j16 -l16
[0.048s] Invoking command in '/home/yinyudream/Desktop/final_design/build/my_bot': CMAKE_PREFIX_PATH=${CMAKE_PREFIX_PATH}:/opt/ros/humble CONDA_PROMPT_MODIFIER=(base) /usr/bin/cmake --install /home/yinyudream/Desktop/final_design/build/my_bot
[0.054s] -- Install configuration: ""
[0.054s] -- Execute custom install script
[0.054s] -- Up-to-date symlink: /home/yinyudream/Desktop/final_design/install/my_bot/share/my_bot/launch/gazebo.launch.py
[0.054s] -- Up-to-date symlink: /home/yinyudream/Desktop/final_design/install/my_bot/share/my_bot/launch/rviz.launch.py
[0.054s] -- Up-to-date symlink: /home/yinyudream/Desktop/final_design/install/my_bot/share/my_bot/launch/teleop.launch.py
[0.054s] -- Up-to-date symlink: /home/yinyudream/Desktop/final_design/install/my_bot/share/my_bot/urdf/my_bot.urdf.xacro
[0.054s] -- Up-to-date symlink: /home/yinyudream/Desktop/final_design/install/my_bot/share/my_bot/config/ros2_control.yaml
[0.055s] -- Up-to-date symlink: /home/yinyudream/Desktop/final_design/install/my_bot/share/my_bot/rviz/my_bot.rviz
[0.055s] -- Up-to-date symlink: /home/yinyudream/Desktop/final_design/install/my_bot/share/my_bot/worlds/empty.world
[0.055s] -- Up-to-date symlink: /home/yinyudream/Desktop/final_design/install/my_bot/lib/my_bot/teleop_keyboard.py
[0.055s] -- Up-to-date symlink: /home/yinyudream/Desktop/final_design/install/my_bot/share/ament_index/resource_index/package_run_dependencies/my_bot
[0.055s] -- Up-to-date symlink: /home/yinyudream/Desktop/final_design/install/my_bot/share/ament_index/resource_index/parent_prefix_path/my_bot
[0.055s] -- Up-to-date symlink: /home/yinyudream/Desktop/final_design/install/my_bot/share/my_bot/environment/ament_prefix_path.sh
[0.055s] -- Up-to-date symlink: /home/yinyudream/Desktop/final_design/install/my_bot/share/my_bot/environment/ament_prefix_path.dsv
[0.055s] -- Up-to-date symlink: /home/yinyudream/Desktop/final_design/install/my_bot/share/my_bot/environment/path.sh
[0.055s] -- Up-to-date symlink: /home/yinyudream/Desktop/final_design/install/my_bot/share/my_bot/environment/path.dsv
[0.055s] -- Up-to-date symlink: /home/yinyudream/Desktop/final_design/install/my_bot/share/my_bot/local_setup.bash
[0.055s] -- Up-to-date symlink: /home/yinyudream/Desktop/final_design/install/my_bot/share/my_bot/local_setup.sh
[0.055s] -- Up-to-date symlink: /home/yinyudream/Desktop/final_design/install/my_bot/share/my_bot/local_setup.zsh
[0.055s] -- Up-to-date symlink: /home/yinyudream/Desktop/final_design/install/my_bot/share/my_bot/local_setup.dsv
[0.055s] -- Symlinking: /home/yinyudream/Desktop/final_design/install/my_bot/share/my_bot/package.dsv
[0.061s] -- Up-to-date symlink: /home/yinyudream/Desktop/final_design/install/my_bot/share/ament_index/resource_index/packages/my_bot
[0.061s] -- Up-to-date symlink: /home/yinyudream/Desktop/final_design/install/my_bot/share/my_bot/cmake/my_botConfig.cmake
[0.061s] -- Up-to-date symlink: /home/yinyudream/Desktop/final_design/install/my_bot/share/my_bot/cmake/my_botConfig-version.cmake
[0.061s] -- Up-to-date symlink: /home/yinyudream/Desktop/final_design/install/my_bot/share/my_bot/package.xml
[0.063s] Invoked command in '/home/yinyudream/Desktop/final_design/build/my_bot' returned '0': CMAKE_PREFIX_PATH=${CMAKE_PREFIX_PATH}:/opt/ros/humble CONDA_PROMPT_MODIFIER=(base) /usr/bin/cmake --install /home/yinyudream/Desktop/final_design/build/my_bot
