[0.071s] DEBUG:colcon:Command line arguments: ['/usr/bin/colcon', 'build']
[0.071s] DEBUG:colcon:Parsed command line arguments: Namespace(log_base=None, log_level=None, verb_name='build', build_base='build', install_base='install', merge_install=False, symlink_install=False, test_result_base=None, continue_on_error=False, executor='parallel', parallel_workers=16, event_handlers=None, ignore_user_meta=False, metas=['./colcon.meta'], base_paths=['.'], packages_ignore=None, packages_ignore_regex=None, paths=None, packages_up_to=None, packages_up_to_regex=None, packages_above=None, packages_above_and_dependencies=None, packages_above_depth=None, packages_select_by_dep=None, packages_skip_by_dep=None, packages_skip_up_to=None, packages_select_build_failed=False, packages_skip_build_finished=False, packages_select_test_failures=False, packages_skip_test_passed=False, packages_select=None, packages_skip=None, packages_select_regex=None, packages_skip_regex=None, packages_start=None, packages_end=None, allow_overriding=[], cmake_args=None, cmake_target=None, cmake_target_skip_unavailable=False, cmake_clean_cache=False, cmake_clean_first=False, cmake_force_configure=False, ament_cmake_args=None, catkin_cmake_args=None, catkin_skip_building_tests=False, verb_parser=<colcon_defaults.argument_parser.defaults.DefaultArgumentsDecorator object at 0x7547b292be20>, verb_extension=<colcon_core.verb.build.BuildVerb object at 0x7547b292b9d0>, main=<bound method BuildVerb.main of <colcon_core.verb.build.BuildVerb object at 0x7547b292b9d0>>)
[0.155s] Level 1:colcon.colcon_core.package_discovery:discover_packages(colcon_meta) check parameters
[0.156s] Level 1:colcon.colcon_core.package_discovery:discover_packages(recursive) check parameters
[0.156s] Level 1:colcon.colcon_core.package_discovery:discover_packages(ignore) check parameters
[0.156s] Level 1:colcon.colcon_core.package_discovery:discover_packages(path) check parameters
[0.156s] Level 1:colcon.colcon_core.package_discovery:discover_packages(colcon_meta) discover
[0.156s] Level 1:colcon.colcon_core.package_discovery:discover_packages(recursive) discover
[0.156s] INFO:colcon.colcon_core.package_discovery:Crawling recursively for packages in '/home/yinyudream/Desktop/final_design'
[0.156s] Level 1:colcon.colcon_core.package_identification:_identify(.) by extensions ['ignore', 'ignore_ament_install']
[0.156s] Level 1:colcon.colcon_core.package_identification:_identify(.) by extension 'ignore'
[0.156s] Level 1:colcon.colcon_core.package_identification:_identify(.) by extension 'ignore_ament_install'
[0.156s] Level 1:colcon.colcon_core.package_identification:_identify(.) by extensions ['colcon_pkg']
[0.156s] Level 1:colcon.colcon_core.package_identification:_identify(.) by extension 'colcon_pkg'
[0.156s] Level 1:colcon.colcon_core.package_identification:_identify(.) by extensions ['colcon_meta']
[0.156s] Level 1:colcon.colcon_core.package_identification:_identify(.) by extension 'colcon_meta'
[0.156s] Level 1:colcon.colcon_core.package_identification:_identify(.) by extensions ['ros']
[0.156s] Level 1:colcon.colcon_core.package_identification:_identify(.) by extension 'ros'
[0.163s] Level 1:colcon.colcon_core.package_identification:_identify(.) by extensions ['cmake', 'python']
[0.163s] Level 1:colcon.colcon_core.package_identification:_identify(.) by extension 'cmake'
[0.163s] Level 1:colcon.colcon_core.package_identification:_identify(.) by extension 'python'
[0.163s] Level 1:colcon.colcon_core.package_identification:_identify(.) by extensions ['python_setup_py']
[0.163s] Level 1:colcon.colcon_core.package_identification:_identify(.) by extension 'python_setup_py'
[0.163s] Level 1:colcon.colcon_core.package_identification:_identify(build) by extensions ['ignore', 'ignore_ament_install']
[0.163s] Level 1:colcon.colcon_core.package_identification:_identify(build) by extension 'ignore'
[0.163s] Level 1:colcon.colcon_core.package_identification:_identify(build) ignored
[0.163s] Level 1:colcon.colcon_core.package_identification:_identify(install) by extensions ['ignore', 'ignore_ament_install']
[0.163s] Level 1:colcon.colcon_core.package_identification:_identify(install) by extension 'ignore'
[0.163s] Level 1:colcon.colcon_core.package_identification:_identify(install) ignored
[0.163s] Level 1:colcon.colcon_core.package_identification:_identify(log) by extensions ['ignore', 'ignore_ament_install']
[0.163s] Level 1:colcon.colcon_core.package_identification:_identify(log) by extension 'ignore'
[0.163s] Level 1:colcon.colcon_core.package_identification:_identify(log) ignored
[0.164s] Level 1:colcon.colcon_core.package_identification:_identify(src) by extensions ['ignore', 'ignore_ament_install']
[0.164s] Level 1:colcon.colcon_core.package_identification:_identify(src) by extension 'ignore'
[0.164s] Level 1:colcon.colcon_core.package_identification:_identify(src) by extension 'ignore_ament_install'
[0.164s] Level 1:colcon.colcon_core.package_identification:_identify(src) by extensions ['colcon_pkg']
[0.164s] Level 1:colcon.colcon_core.package_identification:_identify(src) by extension 'colcon_pkg'
[0.164s] Level 1:colcon.colcon_core.package_identification:_identify(src) by extensions ['colcon_meta']
[0.164s] Level 1:colcon.colcon_core.package_identification:_identify(src) by extension 'colcon_meta'
[0.164s] Level 1:colcon.colcon_core.package_identification:_identify(src) by extensions ['ros']
[0.164s] Level 1:colcon.colcon_core.package_identification:_identify(src) by extension 'ros'
[0.164s] Level 1:colcon.colcon_core.package_identification:_identify(src) by extensions ['cmake', 'python']
[0.164s] Level 1:colcon.colcon_core.package_identification:_identify(src) by extension 'cmake'
[0.164s] Level 1:colcon.colcon_core.package_identification:_identify(src) by extension 'python'
[0.164s] Level 1:colcon.colcon_core.package_identification:_identify(src) by extensions ['python_setup_py']
[0.164s] Level 1:colcon.colcon_core.package_identification:_identify(src) by extension 'python_setup_py'
[0.164s] Level 1:colcon.colcon_core.package_identification:_identify(src/build) by extensions ['ignore', 'ignore_ament_install']
[0.164s] Level 1:colcon.colcon_core.package_identification:_identify(src/build) by extension 'ignore'
[0.164s] Level 1:colcon.colcon_core.package_identification:_identify(src/build) ignored
[0.164s] Level 1:colcon.colcon_core.package_identification:_identify(src/install) by extensions ['ignore', 'ignore_ament_install']
[0.164s] Level 1:colcon.colcon_core.package_identification:_identify(src/install) by extension 'ignore'
[0.164s] Level 1:colcon.colcon_core.package_identification:_identify(src/install) ignored
[0.164s] Level 1:colcon.colcon_core.package_identification:_identify(src/log) by extensions ['ignore', 'ignore_ament_install']
[0.164s] Level 1:colcon.colcon_core.package_identification:_identify(src/log) by extension 'ignore'
[0.164s] Level 1:colcon.colcon_core.package_identification:_identify(src/log) ignored
[0.164s] Level 1:colcon.colcon_core.package_identification:_identify(src/simple_car_sim) by extensions ['ignore', 'ignore_ament_install']
[0.164s] Level 1:colcon.colcon_core.package_identification:_identify(src/simple_car_sim) by extension 'ignore'
[0.164s] Level 1:colcon.colcon_core.package_identification:_identify(src/simple_car_sim) by extension 'ignore_ament_install'
[0.164s] Level 1:colcon.colcon_core.package_identification:_identify(src/simple_car_sim) by extensions ['colcon_pkg']
[0.164s] Level 1:colcon.colcon_core.package_identification:_identify(src/simple_car_sim) by extension 'colcon_pkg'
[0.164s] Level 1:colcon.colcon_core.package_identification:_identify(src/simple_car_sim) by extensions ['colcon_meta']
[0.164s] Level 1:colcon.colcon_core.package_identification:_identify(src/simple_car_sim) by extension 'colcon_meta'
[0.164s] Level 1:colcon.colcon_core.package_identification:_identify(src/simple_car_sim) by extensions ['ros']
[0.164s] Level 1:colcon.colcon_core.package_identification:_identify(src/simple_car_sim) by extension 'ros'
[0.166s] DEBUG:colcon.colcon_core.package_identification:Package 'src/simple_car_sim' with type 'ros.ament_cmake' and name 'simple_car_sim'
[0.166s] Level 1:colcon.colcon_core.package_identification:_identify(src/src) by extensions ['ignore', 'ignore_ament_install']
[0.166s] Level 1:colcon.colcon_core.package_identification:_identify(src/src) by extension 'ignore'
[0.166s] Level 1:colcon.colcon_core.package_identification:_identify(src/src) by extension 'ignore_ament_install'
[0.166s] Level 1:colcon.colcon_core.package_identification:_identify(src/src) by extensions ['colcon_pkg']
[0.166s] Level 1:colcon.colcon_core.package_identification:_identify(src/src) by extension 'colcon_pkg'
[0.166s] Level 1:colcon.colcon_core.package_identification:_identify(src/src) by extensions ['colcon_meta']
[0.166s] Level 1:colcon.colcon_core.package_identification:_identify(src/src) by extension 'colcon_meta'
[0.166s] Level 1:colcon.colcon_core.package_identification:_identify(src/src) by extensions ['ros']
[0.167s] Level 1:colcon.colcon_core.package_identification:_identify(src/src) by extension 'ros'
[0.167s] Level 1:colcon.colcon_core.package_identification:_identify(src/src) by extensions ['cmake', 'python']
[0.167s] Level 1:colcon.colcon_core.package_identification:_identify(src/src) by extension 'cmake'
[0.167s] Level 1:colcon.colcon_core.package_identification:_identify(src/src) by extension 'python'
[0.167s] Level 1:colcon.colcon_core.package_identification:_identify(src/src) by extensions ['python_setup_py']
[0.167s] Level 1:colcon.colcon_core.package_identification:_identify(src/src) by extension 'python_setup_py'
[0.167s] Level 1:colcon.colcon_core.package_identification:_identify(src/src/simple_car_sim) by extensions ['ignore', 'ignore_ament_install']
[0.167s] Level 1:colcon.colcon_core.package_identification:_identify(src/src/simple_car_sim) by extension 'ignore'
[0.167s] Level 1:colcon.colcon_core.package_identification:_identify(src/src/simple_car_sim) by extension 'ignore_ament_install'
[0.167s] Level 1:colcon.colcon_core.package_identification:_identify(src/src/simple_car_sim) by extensions ['colcon_pkg']
[0.167s] Level 1:colcon.colcon_core.package_identification:_identify(src/src/simple_car_sim) by extension 'colcon_pkg'
[0.167s] Level 1:colcon.colcon_core.package_identification:_identify(src/src/simple_car_sim) by extensions ['colcon_meta']
[0.167s] Level 1:colcon.colcon_core.package_identification:_identify(src/src/simple_car_sim) by extension 'colcon_meta'
[0.167s] Level 1:colcon.colcon_core.package_identification:_identify(src/src/simple_car_sim) by extensions ['ros']
[0.167s] Level 1:colcon.colcon_core.package_identification:_identify(src/src/simple_car_sim) by extension 'ros'
[0.167s] Level 1:colcon.colcon_core.package_identification:_identify(src/src/simple_car_sim) by extensions ['cmake', 'python']
[0.167s] Level 1:colcon.colcon_core.package_identification:_identify(src/src/simple_car_sim) by extension 'cmake'
[0.167s] Level 1:colcon.colcon_core.package_identification:_identify(src/src/simple_car_sim) by extension 'python'
[0.167s] Level 1:colcon.colcon_core.package_identification:_identify(src/src/simple_car_sim) by extensions ['python_setup_py']
[0.167s] Level 1:colcon.colcon_core.package_identification:_identify(src/src/simple_car_sim) by extension 'python_setup_py'
[0.167s] Level 1:colcon.colcon_core.package_identification:_identify(src/src/simple_car_sim/launch) by extensions ['ignore', 'ignore_ament_install']
[0.167s] Level 1:colcon.colcon_core.package_identification:_identify(src/src/simple_car_sim/launch) by extension 'ignore'
[0.167s] Level 1:colcon.colcon_core.package_identification:_identify(src/src/simple_car_sim/launch) by extension 'ignore_ament_install'
[0.167s] Level 1:colcon.colcon_core.package_identification:_identify(src/src/simple_car_sim/launch) by extensions ['colcon_pkg']
[0.167s] Level 1:colcon.colcon_core.package_identification:_identify(src/src/simple_car_sim/launch) by extension 'colcon_pkg'
[0.167s] Level 1:colcon.colcon_core.package_identification:_identify(src/src/simple_car_sim/launch) by extensions ['colcon_meta']
[0.167s] Level 1:colcon.colcon_core.package_identification:_identify(src/src/simple_car_sim/launch) by extension 'colcon_meta'
[0.167s] Level 1:colcon.colcon_core.package_identification:_identify(src/src/simple_car_sim/launch) by extensions ['ros']
[0.167s] Level 1:colcon.colcon_core.package_identification:_identify(src/src/simple_car_sim/launch) by extension 'ros'
[0.167s] Level 1:colcon.colcon_core.package_identification:_identify(src/src/simple_car_sim/launch) by extensions ['cmake', 'python']
[0.167s] Level 1:colcon.colcon_core.package_identification:_identify(src/src/simple_car_sim/launch) by extension 'cmake'
[0.167s] Level 1:colcon.colcon_core.package_identification:_identify(src/src/simple_car_sim/launch) by extension 'python'
[0.167s] Level 1:colcon.colcon_core.package_identification:_identify(src/src/simple_car_sim/launch) by extensions ['python_setup_py']
[0.167s] Level 1:colcon.colcon_core.package_identification:_identify(src/src/simple_car_sim/launch) by extension 'python_setup_py'
[0.167s] Level 1:colcon.colcon_core.package_identification:_identify(src/src/simple_car_sim/rviz) by extensions ['ignore', 'ignore_ament_install']
[0.167s] Level 1:colcon.colcon_core.package_identification:_identify(src/src/simple_car_sim/rviz) by extension 'ignore'
[0.167s] Level 1:colcon.colcon_core.package_identification:_identify(src/src/simple_car_sim/rviz) by extension 'ignore_ament_install'
[0.167s] Level 1:colcon.colcon_core.package_identification:_identify(src/src/simple_car_sim/rviz) by extensions ['colcon_pkg']
[0.167s] Level 1:colcon.colcon_core.package_identification:_identify(src/src/simple_car_sim/rviz) by extension 'colcon_pkg'
[0.168s] Level 1:colcon.colcon_core.package_identification:_identify(src/src/simple_car_sim/rviz) by extensions ['colcon_meta']
[0.168s] Level 1:colcon.colcon_core.package_identification:_identify(src/src/simple_car_sim/rviz) by extension 'colcon_meta'
[0.168s] Level 1:colcon.colcon_core.package_identification:_identify(src/src/simple_car_sim/rviz) by extensions ['ros']
[0.168s] Level 1:colcon.colcon_core.package_identification:_identify(src/src/simple_car_sim/rviz) by extension 'ros'
[0.168s] Level 1:colcon.colcon_core.package_identification:_identify(src/src/simple_car_sim/rviz) by extensions ['cmake', 'python']
[0.168s] Level 1:colcon.colcon_core.package_identification:_identify(src/src/simple_car_sim/rviz) by extension 'cmake'
[0.168s] Level 1:colcon.colcon_core.package_identification:_identify(src/src/simple_car_sim/rviz) by extension 'python'
[0.168s] Level 1:colcon.colcon_core.package_identification:_identify(src/src/simple_car_sim/rviz) by extensions ['python_setup_py']
[0.168s] Level 1:colcon.colcon_core.package_identification:_identify(src/src/simple_car_sim/rviz) by extension 'python_setup_py'
[0.168s] Level 1:colcon.colcon_core.package_identification:_identify(src/src/simple_car_sim/urdf) by extensions ['ignore', 'ignore_ament_install']
[0.168s] Level 1:colcon.colcon_core.package_identification:_identify(src/src/simple_car_sim/urdf) by extension 'ignore'
[0.168s] Level 1:colcon.colcon_core.package_identification:_identify(src/src/simple_car_sim/urdf) by extension 'ignore_ament_install'
[0.168s] Level 1:colcon.colcon_core.package_identification:_identify(src/src/simple_car_sim/urdf) by extensions ['colcon_pkg']
[0.168s] Level 1:colcon.colcon_core.package_identification:_identify(src/src/simple_car_sim/urdf) by extension 'colcon_pkg'
[0.168s] Level 1:colcon.colcon_core.package_identification:_identify(src/src/simple_car_sim/urdf) by extensions ['colcon_meta']
[0.168s] Level 1:colcon.colcon_core.package_identification:_identify(src/src/simple_car_sim/urdf) by extension 'colcon_meta'
[0.168s] Level 1:colcon.colcon_core.package_identification:_identify(src/src/simple_car_sim/urdf) by extensions ['ros']
[0.168s] Level 1:colcon.colcon_core.package_identification:_identify(src/src/simple_car_sim/urdf) by extension 'ros'
[0.168s] Level 1:colcon.colcon_core.package_identification:_identify(src/src/simple_car_sim/urdf) by extensions ['cmake', 'python']
[0.168s] Level 1:colcon.colcon_core.package_identification:_identify(src/src/simple_car_sim/urdf) by extension 'cmake'
[0.168s] Level 1:colcon.colcon_core.package_identification:_identify(src/src/simple_car_sim/urdf) by extension 'python'
[0.168s] Level 1:colcon.colcon_core.package_identification:_identify(src/src/simple_car_sim/urdf) by extensions ['python_setup_py']
[0.168s] Level 1:colcon.colcon_core.package_identification:_identify(src/src/simple_car_sim/urdf) by extension 'python_setup_py'
[0.168s] Level 1:colcon.colcon_core.package_identification:_identify(src/src/simple_car_sim/worlds) by extensions ['ignore', 'ignore_ament_install']
[0.168s] Level 1:colcon.colcon_core.package_identification:_identify(src/src/simple_car_sim/worlds) by extension 'ignore'
[0.168s] Level 1:colcon.colcon_core.package_identification:_identify(src/src/simple_car_sim/worlds) by extension 'ignore_ament_install'
[0.168s] Level 1:colcon.colcon_core.package_identification:_identify(src/src/simple_car_sim/worlds) by extensions ['colcon_pkg']
[0.168s] Level 1:colcon.colcon_core.package_identification:_identify(src/src/simple_car_sim/worlds) by extension 'colcon_pkg'
[0.168s] Level 1:colcon.colcon_core.package_identification:_identify(src/src/simple_car_sim/worlds) by extensions ['colcon_meta']
[0.168s] Level 1:colcon.colcon_core.package_identification:_identify(src/src/simple_car_sim/worlds) by extension 'colcon_meta'
[0.168s] Level 1:colcon.colcon_core.package_identification:_identify(src/src/simple_car_sim/worlds) by extensions ['ros']
[0.168s] Level 1:colcon.colcon_core.package_identification:_identify(src/src/simple_car_sim/worlds) by extension 'ros'
[0.168s] Level 1:colcon.colcon_core.package_identification:_identify(src/src/simple_car_sim/worlds) by extensions ['cmake', 'python']
[0.168s] Level 1:colcon.colcon_core.package_identification:_identify(src/src/simple_car_sim/worlds) by extension 'cmake'
[0.168s] Level 1:colcon.colcon_core.package_identification:_identify(src/src/simple_car_sim/worlds) by extension 'python'
[0.168s] Level 1:colcon.colcon_core.package_identification:_identify(src/src/simple_car_sim/worlds) by extensions ['python_setup_py']
[0.168s] Level 1:colcon.colcon_core.package_identification:_identify(src/src/simple_car_sim/worlds) by extension 'python_setup_py'
[0.168s] Level 1:colcon.colcon_core.package_discovery:discover_packages(recursive) using defaults
[0.168s] Level 1:colcon.colcon_core.package_discovery:discover_packages(ignore) discover
[0.168s] Level 1:colcon.colcon_core.package_discovery:discover_packages(ignore) using defaults
[0.168s] Level 1:colcon.colcon_core.package_discovery:discover_packages(path) discover
[0.168s] Level 1:colcon.colcon_core.package_discovery:discover_packages(path) using defaults
[0.181s] Level 1:colcon.colcon_core.package_discovery:discover_packages(prefix_path) check parameters
[0.181s] Level 1:colcon.colcon_core.package_discovery:discover_packages(prefix_path) discover
[0.182s] DEBUG:colcon.colcon_installed_package_information.package_discovery:Found 335 installed packages in /opt/ros/humble
[0.190s] Level 1:colcon.colcon_core.package_discovery:discover_packages(prefix_path) using defaults
[0.212s] Level 5:colcon.colcon_core.verb:set package 'simple_car_sim' build argument 'cmake_args' from command line to 'None'
[0.212s] Level 5:colcon.colcon_core.verb:set package 'simple_car_sim' build argument 'cmake_target' from command line to 'None'
[0.212s] Level 5:colcon.colcon_core.verb:set package 'simple_car_sim' build argument 'cmake_target_skip_unavailable' from command line to 'False'
[0.212s] Level 5:colcon.colcon_core.verb:set package 'simple_car_sim' build argument 'cmake_clean_cache' from command line to 'False'
[0.212s] Level 5:colcon.colcon_core.verb:set package 'simple_car_sim' build argument 'cmake_clean_first' from command line to 'False'
[0.212s] Level 5:colcon.colcon_core.verb:set package 'simple_car_sim' build argument 'cmake_force_configure' from command line to 'False'
[0.212s] Level 5:colcon.colcon_core.verb:set package 'simple_car_sim' build argument 'ament_cmake_args' from command line to 'None'
[0.212s] Level 5:colcon.colcon_core.verb:set package 'simple_car_sim' build argument 'catkin_cmake_args' from command line to 'None'
[0.212s] Level 5:colcon.colcon_core.verb:set package 'simple_car_sim' build argument 'catkin_skip_building_tests' from command line to 'False'
[0.212s] DEBUG:colcon.colcon_core.verb:Building package 'simple_car_sim' with the following arguments: {'ament_cmake_args': None, 'build_base': '/home/yinyudream/Desktop/final_design/build/simple_car_sim', 'catkin_cmake_args': None, 'catkin_skip_building_tests': False, 'cmake_args': None, 'cmake_clean_cache': False, 'cmake_clean_first': False, 'cmake_force_configure': False, 'cmake_target': None, 'cmake_target_skip_unavailable': False, 'install_base': '/home/yinyudream/Desktop/final_design/install/simple_car_sim', 'merge_install': False, 'path': '/home/yinyudream/Desktop/final_design/src/simple_car_sim', 'symlink_install': False, 'test_result_base': None}
[0.212s] INFO:colcon.colcon_core.executor:Executing jobs using 'parallel' executor
[0.213s] DEBUG:colcon.colcon_parallel_executor.executor.parallel:run_until_complete
[0.213s] INFO:colcon.colcon_ros.task.ament_cmake.build:Building ROS package in '/home/yinyudream/Desktop/final_design/src/simple_car_sim' with build type 'ament_cmake'
[0.213s] INFO:colcon.colcon_cmake.task.cmake.build:Building CMake package in '/home/yinyudream/Desktop/final_design/src/simple_car_sim'
[0.215s] INFO:colcon.colcon_core.plugin_system:Skipping extension 'colcon_core.shell.bat': Not used on non-Windows systems
[0.215s] INFO:colcon.colcon_core.shell:Skip shell extension 'powershell' for command environment: Not usable outside of PowerShell
[0.215s] DEBUG:colcon.colcon_core.shell:Skip shell extension 'dsv' for command environment
[0.220s] DEBUG:colcon.colcon_core.event_handler.log_command:Invoking command in '/home/yinyudream/Desktop/final_design/build/simple_car_sim': CMAKE_PREFIX_PATH=/opt/ros/humble CONDA_PROMPT_MODIFIER=(base) /usr/bin/cmake /home/yinyudream/Desktop/final_design/src/simple_car_sim -DCMAKE_INSTALL_PREFIX=/home/yinyudream/Desktop/final_design/install/simple_car_sim
[1.532s] DEBUG:colcon.colcon_core.event_handler.log_command:Invoked command in '/home/yinyudream/Desktop/final_design/build/simple_car_sim' returned '0': CMAKE_PREFIX_PATH=/opt/ros/humble CONDA_PROMPT_MODIFIER=(base) /usr/bin/cmake /home/yinyudream/Desktop/final_design/src/simple_car_sim -DCMAKE_INSTALL_PREFIX=/home/yinyudream/Desktop/final_design/install/simple_car_sim
[1.533s] DEBUG:colcon.colcon_core.event_handler.log_command:Invoking command in '/home/yinyudream/Desktop/final_design/build/simple_car_sim': CMAKE_PREFIX_PATH=/opt/ros/humble CONDA_PROMPT_MODIFIER=(base) /usr/bin/cmake --build /home/yinyudream/Desktop/final_design/build/simple_car_sim -- -j16 -l16
[1.563s] DEBUG:colcon.colcon_core.event_handler.log_command:Invoked command in '/home/yinyudream/Desktop/final_design/build/simple_car_sim' returned '0': CMAKE_PREFIX_PATH=/opt/ros/humble CONDA_PROMPT_MODIFIER=(base) /usr/bin/cmake --build /home/yinyudream/Desktop/final_design/build/simple_car_sim -- -j16 -l16
[1.570s] DEBUG:colcon.colcon_core.event_handler.log_command:Invoking command in '/home/yinyudream/Desktop/final_design/build/simple_car_sim': CMAKE_PREFIX_PATH=/opt/ros/humble CONDA_PROMPT_MODIFIER=(base) /usr/bin/cmake --install /home/yinyudream/Desktop/final_design/build/simple_car_sim
[1.579s] Level 1:colcon.colcon_core.environment:create_environment_scripts_only(simple_car_sim)
[1.579s] DEBUG:colcon.colcon_core.event_handler.log_command:Invoked command in '/home/yinyudream/Desktop/final_design/build/simple_car_sim' returned '0': CMAKE_PREFIX_PATH=/opt/ros/humble CONDA_PROMPT_MODIFIER=(base) /usr/bin/cmake --install /home/yinyudream/Desktop/final_design/build/simple_car_sim
[1.580s] Level 1:colcon.colcon_core.environment:checking '/home/yinyudream/Desktop/final_design/install/simple_car_sim' for CMake module files
[1.581s] Level 1:colcon.colcon_core.environment:checking '/home/yinyudream/Desktop/final_design/install/simple_car_sim' for CMake config files
[1.581s] Level 1:colcon.colcon_core.shell:create_environment_hook('simple_car_sim', 'cmake_prefix_path')
[1.581s] INFO:colcon.colcon_core.shell:Creating environment hook '/home/yinyudream/Desktop/final_design/install/simple_car_sim/share/simple_car_sim/hook/cmake_prefix_path.ps1'
[1.581s] INFO:colcon.colcon_core.shell:Creating environment descriptor '/home/yinyudream/Desktop/final_design/install/simple_car_sim/share/simple_car_sim/hook/cmake_prefix_path.dsv'
[1.581s] INFO:colcon.colcon_core.shell:Creating environment hook '/home/yinyudream/Desktop/final_design/install/simple_car_sim/share/simple_car_sim/hook/cmake_prefix_path.sh'
[1.582s] Level 1:colcon.colcon_core.environment:checking '/home/yinyudream/Desktop/final_design/install/simple_car_sim/bin'
[1.582s] Level 1:colcon.colcon_core.environment:checking '/home/yinyudream/Desktop/final_design/install/simple_car_sim/lib/pkgconfig/simple_car_sim.pc'
[1.582s] Level 1:colcon.colcon_core.environment:checking '/home/yinyudream/Desktop/final_design/install/simple_car_sim/lib/python3.10/site-packages'
[1.582s] Level 1:colcon.colcon_core.environment:checking '/home/yinyudream/Desktop/final_design/install/simple_car_sim/bin'
[1.582s] INFO:colcon.colcon_core.shell:Creating package script '/home/yinyudream/Desktop/final_design/install/simple_car_sim/share/simple_car_sim/package.ps1'
[1.583s] INFO:colcon.colcon_core.shell:Creating package descriptor '/home/yinyudream/Desktop/final_design/install/simple_car_sim/share/simple_car_sim/package.dsv'
[1.583s] INFO:colcon.colcon_core.shell:Creating package script '/home/yinyudream/Desktop/final_design/install/simple_car_sim/share/simple_car_sim/package.sh'
[1.583s] INFO:colcon.colcon_core.shell:Creating package script '/home/yinyudream/Desktop/final_design/install/simple_car_sim/share/simple_car_sim/package.bash'
[1.584s] INFO:colcon.colcon_core.shell:Creating package script '/home/yinyudream/Desktop/final_design/install/simple_car_sim/share/simple_car_sim/package.zsh'
[1.584s] Level 1:colcon.colcon_core.environment:create_file_with_runtime_dependencies(/home/yinyudream/Desktop/final_design/install/simple_car_sim/share/colcon-core/packages/simple_car_sim)
[1.584s] Level 1:colcon.colcon_core.environment:create_environment_scripts_only(simple_car_sim)
[1.584s] Level 1:colcon.colcon_core.environment:checking '/home/yinyudream/Desktop/final_design/install/simple_car_sim' for CMake module files
[1.585s] Level 1:colcon.colcon_core.environment:checking '/home/yinyudream/Desktop/final_design/install/simple_car_sim' for CMake config files
[1.585s] Level 1:colcon.colcon_core.shell:create_environment_hook('simple_car_sim', 'cmake_prefix_path')
[1.585s] INFO:colcon.colcon_core.shell:Creating environment hook '/home/yinyudream/Desktop/final_design/install/simple_car_sim/share/simple_car_sim/hook/cmake_prefix_path.ps1'
[1.585s] INFO:colcon.colcon_core.shell:Creating environment descriptor '/home/yinyudream/Desktop/final_design/install/simple_car_sim/share/simple_car_sim/hook/cmake_prefix_path.dsv'
[1.585s] INFO:colcon.colcon_core.shell:Creating environment hook '/home/yinyudream/Desktop/final_design/install/simple_car_sim/share/simple_car_sim/hook/cmake_prefix_path.sh'
[1.585s] Level 1:colcon.colcon_core.environment:checking '/home/yinyudream/Desktop/final_design/install/simple_car_sim/bin'
[1.585s] Level 1:colcon.colcon_core.environment:checking '/home/yinyudream/Desktop/final_design/install/simple_car_sim/lib/pkgconfig/simple_car_sim.pc'
[1.586s] Level 1:colcon.colcon_core.environment:checking '/home/yinyudream/Desktop/final_design/install/simple_car_sim/lib/python3.10/site-packages'
[1.586s] Level 1:colcon.colcon_core.environment:checking '/home/yinyudream/Desktop/final_design/install/simple_car_sim/bin'
[1.586s] INFO:colcon.colcon_core.shell:Creating package script '/home/yinyudream/Desktop/final_design/install/simple_car_sim/share/simple_car_sim/package.ps1'
[1.586s] INFO:colcon.colcon_core.shell:Creating package descriptor '/home/yinyudream/Desktop/final_design/install/simple_car_sim/share/simple_car_sim/package.dsv'
[1.586s] INFO:colcon.colcon_core.shell:Creating package script '/home/yinyudream/Desktop/final_design/install/simple_car_sim/share/simple_car_sim/package.sh'
[1.587s] INFO:colcon.colcon_core.shell:Creating package script '/home/yinyudream/Desktop/final_design/install/simple_car_sim/share/simple_car_sim/package.bash'
[1.587s] INFO:colcon.colcon_core.shell:Creating package script '/home/yinyudream/Desktop/final_design/install/simple_car_sim/share/simple_car_sim/package.zsh'
[1.587s] Level 1:colcon.colcon_core.environment:create_file_with_runtime_dependencies(/home/yinyudream/Desktop/final_design/install/simple_car_sim/share/colcon-core/packages/simple_car_sim)
[1.587s] DEBUG:colcon.colcon_parallel_executor.executor.parallel:closing loop
[1.587s] DEBUG:colcon.colcon_parallel_executor.executor.parallel:loop closed
[1.587s] DEBUG:colcon.colcon_parallel_executor.executor.parallel:run_until_complete finished with '0'
[1.587s] DEBUG:colcon.colcon_core.event_reactor:joining thread
[1.590s] INFO:colcon.colcon_core.plugin_system:Skipping extension 'colcon_notification.desktop_notification.terminal_notifier': Not used on non-Darwin systems
[1.590s] INFO:colcon.colcon_core.plugin_system:Skipping extension 'colcon_notification.desktop_notification.win32': Not used on non-Windows systems
[1.590s] INFO:colcon.colcon_notification.desktop_notification:Sending desktop notification using 'notify2'
[1.596s] DEBUG:colcon.colcon_core.event_reactor:joined thread
[1.597s] INFO:colcon.colcon_core.shell:Creating prefix script '/home/yinyudream/Desktop/final_design/install/local_setup.ps1'
[1.598s] INFO:colcon.colcon_core.shell:Creating prefix util module '/home/yinyudream/Desktop/final_design/install/_local_setup_util_ps1.py'
[1.599s] INFO:colcon.colcon_core.shell:Creating prefix chain script '/home/yinyudream/Desktop/final_design/install/setup.ps1'
[1.600s] INFO:colcon.colcon_core.shell:Creating prefix script '/home/yinyudream/Desktop/final_design/install/local_setup.sh'
[1.600s] INFO:colcon.colcon_core.shell:Creating prefix util module '/home/yinyudream/Desktop/final_design/install/_local_setup_util_sh.py'
[1.601s] INFO:colcon.colcon_core.shell:Creating prefix chain script '/home/yinyudream/Desktop/final_design/install/setup.sh'
[1.602s] INFO:colcon.colcon_core.shell:Creating prefix script '/home/yinyudream/Desktop/final_design/install/local_setup.bash'
[1.602s] INFO:colcon.colcon_core.shell:Creating prefix chain script '/home/yinyudream/Desktop/final_design/install/setup.bash'
[1.603s] INFO:colcon.colcon_core.shell:Creating prefix script '/home/yinyudream/Desktop/final_design/install/local_setup.zsh'
[1.604s] INFO:colcon.colcon_core.shell:Creating prefix chain script '/home/yinyudream/Desktop/final_design/install/setup.zsh'
