[0.006s] Invoking command in '/home/yinyudream/Desktop/final_design/build/four_wheel_bot': CMAKE_PREFIX_PATH=/opt/ros/humble CONDA_PROMPT_MODIFIER=(base) /usr/bin/cmake /home/yinyudream/Desktop/final_design -DCMAKE_INSTALL_PREFIX=/home/yinyudream/Desktop/final_design/install/four_wheel_bot
[0.048s] -- The C compiler identification is GNU 11.4.0
[0.082s] -- The CXX compiler identification is GNU 11.4.0
[0.087s] -- Detecting C compiler ABI info
[0.138s] -- Detecting C compiler ABI info - done
[0.143s] -- Check for working C compiler: /usr/bin/cc - skipped
[0.143s] -- Detecting C compile features
[0.143s] -- Detecting C compile features - done
[0.145s] -- Detecting CXX compiler ABI info
[0.198s] -- Detecting CXX compiler ABI info - done
[0.203s] -- Check for working CXX compiler: /usr/bin/c++ - skipped
[0.203s] -- Detecting CXX compile features
[0.203s] -- Detecting CXX compile features - done
[0.204s] -- Found ament_cmake: 1.3.12 (/opt/ros/humble/share/ament_cmake/cmake)
[0.424s] -- Found Python3: /home/yinyudream/miniconda3/bin/python3 (found version "3.12.9") found components: Interpreter 
[0.492s] -- Found rclpy: 3.3.17 (/opt/ros/humble/share/rclpy/cmake)
[0.493s] -- Found std_msgs: 4.9.0 (/opt/ros/humble/share/std_msgs/cmake)
[0.515s] -- Found rosidl_generator_c: 3.1.7 (/opt/ros/humble/share/rosidl_generator_c/cmake)
[0.517s] -- Found rosidl_adapter: 3.1.7 (/opt/ros/humble/share/rosidl_adapter/cmake)
[0.522s] -- Found rosidl_generator_cpp: 3.1.7 (/opt/ros/humble/share/rosidl_generator_cpp/cmake)
[0.528s] -- Using all available rosidl_typesupport_c: rosidl_typesupport_fastrtps_c;rosidl_typesupport_introspection_c
[0.537s] -- Using all available rosidl_typesupport_cpp: rosidl_typesupport_fastrtps_cpp;rosidl_typesupport_introspection_cpp
[0.551s] -- Found geometry_msgs: 4.9.0 (/opt/ros/humble/share/geometry_msgs/cmake)
[0.558s] -- Found sensor_msgs: 4.9.0 (/opt/ros/humble/share/sensor_msgs/cmake)
[0.567s] -- Found nav_msgs: 4.9.0 (/opt/ros/humble/share/nav_msgs/cmake)
[0.578s] -- Found tf2_ros: 0.25.16 (/opt/ros/humble/share/tf2_ros/cmake)
[0.617s] -- Found rmw_implementation_cmake: 6.1.2 (/opt/ros/humble/share/rmw_implementation_cmake/cmake)
[0.618s] -- Found rmw_fastrtps_cpp: 6.2.9 (/opt/ros/humble/share/rmw_fastrtps_cpp/cmake)
[0.684s] -- Found OpenSSL: /usr/lib/x86_64-linux-gnu/libcrypto.so (found version "3.0.2")  
[0.703s] -- Found FastRTPS: /opt/ros/humble/include  
[0.728s] -- Using RMW implementation 'rmw_fastrtps_cpp' as default
[0.732s] -- Looking for pthread.h
[0.787s] -- Looking for pthread.h - found
[0.787s] -- Performing Test CMAKE_HAVE_LIBC_PTHREAD
[0.837s] -- Performing Test CMAKE_HAVE_LIBC_PTHREAD - Success
[0.838s] -- Found Threads: TRUE  
[0.907s] -- Found visualization_msgs: 4.9.0 (/opt/ros/humble/share/visualization_msgs/cmake)
[0.927s] [31mCMake Error at CMakeLists.txt:18 (find_package):
[0.927s]   By not providing "Findgazebo_ros.cmake" in CMAKE_MODULE_PATH this project
[0.928s]   has asked CMake to find a package configuration file provided by
[0.928s]   "gazebo_ros", but CMake did not find one.
[0.928s] 
[0.928s]   Could not find a package configuration file provided by "gazebo_ros" with
[0.928s]   any of the following names:
[0.928s] 
[0.928s]     gazebo_rosConfig.cmake
[0.928s]     gazebo_ros-config.cmake
[0.928s] 
[0.928s]   Add the installation prefix of "gazebo_ros" to CMAKE_PREFIX_PATH or set
[0.928s]   "gazebo_ros_DIR" to a directory containing one of the above files.  If
[0.928s]   "gazebo_ros" provides a separate development package or SDK, be sure it has
[0.928s]   been installed.
[0.928s] 
[0.928s] [0m
[0.928s] -- Configuring incomplete, errors occurred!
[0.929s] See also "/home/yinyudream/Desktop/final_design/build/four_wheel_bot/CMakeFiles/CMakeOutput.log".
[0.934s] Invoked command in '/home/yinyudream/Desktop/final_design/build/four_wheel_bot' returned '1': CMAKE_PREFIX_PATH=/opt/ros/humble CONDA_PROMPT_MODIFIER=(base) /usr/bin/cmake /home/yinyudream/Desktop/final_design -DCMAKE_INSTALL_PREFIX=/home/yinyudream/Desktop/final_design/install/four_wheel_bot
