[0.016s] Invoking command in '/home/yinyudream/Desktop/final_design/build/my_bot': CMAKE_PREFIX_PATH=/opt/ros/humble CONDA_PROMPT_MODIFIER=(base) /usr/bin/cmake /home/yinyudream/Desktop/final_design/src/my_bot -DAMENT_CMAKE_SYMLINK_INSTALL=1 -DCMAKE_INSTALL_PREFIX=/home/yinyudream/Desktop/final_design/install/my_bot
[0.050s] -- The C compiler identification is GNU 11.4.0
[0.088s] -- The CXX compiler identification is GNU 11.4.0
[0.092s] -- Detecting C compiler ABI info
[0.146s] -- Detecting C compiler ABI info - done
[0.152s] -- Check for working C compiler: /usr/bin/cc - skipped
[0.152s] -- Detecting C compile features
[0.152s] -- Detecting C compile features - done
[0.154s] -- Detecting CXX compiler ABI info
[0.210s] -- Detecting CXX compiler ABI info - done
[0.215s] -- Check for working CXX compiler: /usr/bin/c++ - skipped
[0.215s] -- Detecting CXX compile features
[0.215s] -- Detecting CXX compile features - done
[0.216s] -- Found ament_cmake: 1.3.12 (/opt/ros/humble/share/ament_cmake/cmake)
[0.446s] -- Found Python3: /home/yinyudream/miniconda3/bin/python3 (found version "3.12.9") found components: Interpreter 
[0.498s] -- Override CMake install command with custom implementation using symlinks instead of copying resources
[0.518s] -- Found rclcpp: 16.0.15 (/opt/ros/humble/share/rclcpp/cmake)
[0.544s] -- Found rosidl_generator_c: 3.1.7 (/opt/ros/humble/share/rosidl_generator_c/cmake)
[0.547s] -- Found rosidl_adapter: 3.1.7 (/opt/ros/humble/share/rosidl_adapter/cmake)
[0.551s] -- Found rosidl_generator_cpp: 3.1.7 (/opt/ros/humble/share/rosidl_generator_cpp/cmake)
[0.557s] -- Using all available rosidl_typesupport_c: rosidl_typesupport_fastrtps_c;rosidl_typesupport_introspection_c
[0.566s] -- Using all available rosidl_typesupport_cpp: rosidl_typesupport_fastrtps_cpp;rosidl_typesupport_introspection_cpp
[0.593s] -- Found rmw_implementation_cmake: 6.1.2 (/opt/ros/humble/share/rmw_implementation_cmake/cmake)
[0.595s] -- Found rmw_fastrtps_cpp: 6.2.9 (/opt/ros/humble/share/rmw_fastrtps_cpp/cmake)
[0.668s] -- Found OpenSSL: /usr/lib/x86_64-linux-gnu/libcrypto.so (found version "3.0.2")  
[0.693s] -- Found FastRTPS: /opt/ros/humble/include  
[0.720s] -- Using RMW implementation 'rmw_fastrtps_cpp' as default
[0.725s] -- Looking for pthread.h
[0.780s] -- Looking for pthread.h - found
[0.781s] -- Performing Test CMAKE_HAVE_LIBC_PTHREAD
[0.836s] -- Performing Test CMAKE_HAVE_LIBC_PTHREAD - Success
[0.836s] -- Found Threads: TRUE  
[0.869s] -- Found rclpy: 3.3.17 (/opt/ros/humble/share/rclpy/cmake)
[0.870s] -- Found geometry_msgs: 4.9.0 (/opt/ros/humble/share/geometry_msgs/cmake)
[0.877s] -- Found sensor_msgs: 4.9.0 (/opt/ros/humble/share/sensor_msgs/cmake)
[0.889s] -- Found nav_msgs: 4.9.0 (/opt/ros/humble/share/nav_msgs/cmake)
[0.900s] -- Found xacro: 2.1.1 (/opt/ros/humble/share/xacro/cmake)
[0.959s] -- Configuring done
[0.961s] -- Generating done
[0.962s] -- Build files have been written to: /home/yinyudream/Desktop/final_design/build/my_bot
[0.969s] Invoked command in '/home/yinyudream/Desktop/final_design/build/my_bot' returned '0': CMAKE_PREFIX_PATH=/opt/ros/humble CONDA_PROMPT_MODIFIER=(base) /usr/bin/cmake /home/yinyudream/Desktop/final_design/src/my_bot -DAMENT_CMAKE_SYMLINK_INSTALL=1 -DCMAKE_INSTALL_PREFIX=/home/yinyudream/Desktop/final_design/install/my_bot
[0.970s] Invoking command in '/home/yinyudream/Desktop/final_design/build/my_bot': CMAKE_PREFIX_PATH=/opt/ros/humble CONDA_PROMPT_MODIFIER=(base) /usr/bin/cmake --build /home/yinyudream/Desktop/final_design/build/my_bot -- -j16 -l16
[0.994s] Invoked command in '/home/yinyudream/Desktop/final_design/build/my_bot' returned '0': CMAKE_PREFIX_PATH=/opt/ros/humble CONDA_PROMPT_MODIFIER=(base) /usr/bin/cmake --build /home/yinyudream/Desktop/final_design/build/my_bot -- -j16 -l16
[1.001s] Invoking command in '/home/yinyudream/Desktop/final_design/build/my_bot': CMAKE_PREFIX_PATH=/opt/ros/humble CONDA_PROMPT_MODIFIER=(base) /usr/bin/cmake --install /home/yinyudream/Desktop/final_design/build/my_bot
[1.005s] -- Install configuration: ""
[1.005s] -- Execute custom install script
[1.005s] -- Symlinking: /home/yinyudream/Desktop/final_design/install/my_bot/share/my_bot/launch/gazebo.launch.py
[1.011s] -- Symlinking: /home/yinyudream/Desktop/final_design/install/my_bot/share/my_bot/launch/rviz.launch.py
[1.016s] -- Symlinking: /home/yinyudream/Desktop/final_design/install/my_bot/share/my_bot/launch/teleop.launch.py
[1.021s] -- Symlinking: /home/yinyudream/Desktop/final_design/install/my_bot/share/my_bot/urdf/my_bot.urdf.xacro
[1.026s] -- Symlinking: /home/yinyudream/Desktop/final_design/install/my_bot/share/my_bot/config/ros2_control.yaml
[1.032s] -- Symlinking: /home/yinyudream/Desktop/final_design/install/my_bot/share/my_bot/rviz/my_bot.rviz
[1.037s] -- Symlinking: /home/yinyudream/Desktop/final_design/install/my_bot/lib/my_bot/teleop_keyboard.py
[1.042s] -- Symlinking: /home/yinyudream/Desktop/final_design/install/my_bot/share/ament_index/resource_index/package_run_dependencies/my_bot
[1.047s] -- Symlinking: /home/yinyudream/Desktop/final_design/install/my_bot/share/ament_index/resource_index/parent_prefix_path/my_bot
[1.053s] -- Symlinking: /home/yinyudream/Desktop/final_design/install/my_bot/share/my_bot/environment/ament_prefix_path.sh
[1.058s] -- Symlinking: /home/yinyudream/Desktop/final_design/install/my_bot/share/my_bot/environment/ament_prefix_path.dsv
[1.063s] -- Symlinking: /home/yinyudream/Desktop/final_design/install/my_bot/share/my_bot/environment/path.sh
[1.067s] -- Symlinking: /home/yinyudream/Desktop/final_design/install/my_bot/share/my_bot/environment/path.dsv
[1.073s] -- Symlinking: /home/yinyudream/Desktop/final_design/install/my_bot/share/my_bot/local_setup.bash
[1.079s] -- Symlinking: /home/yinyudream/Desktop/final_design/install/my_bot/share/my_bot/local_setup.sh
[1.085s] -- Symlinking: /home/yinyudream/Desktop/final_design/install/my_bot/share/my_bot/local_setup.zsh
[1.091s] -- Symlinking: /home/yinyudream/Desktop/final_design/install/my_bot/share/my_bot/local_setup.dsv
[1.097s] -- Symlinking: /home/yinyudream/Desktop/final_design/install/my_bot/share/my_bot/package.dsv
[1.102s] -- Symlinking: /home/yinyudream/Desktop/final_design/install/my_bot/share/ament_index/resource_index/packages/my_bot
[1.109s] -- Symlinking: /home/yinyudream/Desktop/final_design/install/my_bot/share/my_bot/cmake/my_botConfig.cmake
[1.115s] -- Symlinking: /home/yinyudream/Desktop/final_design/install/my_bot/share/my_bot/cmake/my_botConfig-version.cmake
[1.121s] -- Symlinking: /home/yinyudream/Desktop/final_design/install/my_bot/share/my_bot/package.xml
[1.130s] Invoked command in '/home/yinyudream/Desktop/final_design/build/my_bot' returned '0': CMAKE_PREFIX_PATH=/opt/ros/humble CONDA_PROMPT_MODIFIER=(base) /usr/bin/cmake --install /home/yinyudream/Desktop/final_design/build/my_bot
