Built target ament_cmake_python_copy_my_bot
running egg_info
writing my_bot.egg-info/PKG-INFO
writing dependency_links to my_bot.egg-info/dependency_links.txt
writing top-level names to my_bot.egg-info/top_level.txt
reading manifest file 'my_bot.egg-info/SOURCES.txt'
writing manifest file 'my_bot.egg-info/SOURCES.txt'
Built target ament_cmake_python_build_my_bot_egg
-- Install configuration: ""
-- Up-to-date: /home/yinyudream/Desktop/final_design/src/my_bot/install/my_bot/share/my_bot/environment/pythonpath.sh
-- Up-to-date: /home/yinyudream/Desktop/final_design/src/my_bot/install/my_bot/share/my_bot/environment/pythonpath.dsv
-- Up-to-date: /home/yinyudream/Desktop/final_design/src/my_bot/install/my_bot/lib/python3.12/site-packages/my_bot-0.0.0-py3.12.egg-info
-- Installing: /home/yinyudream/Desktop/final_design/src/my_bot/install/my_bot/lib/python3.12/site-packages/my_bot-0.0.0-py3.12.egg-info/PKG-INFO
-- Installing: /home/yinyudream/Desktop/final_design/src/my_bot/install/my_bot/lib/python3.12/site-packages/my_bot-0.0.0-py3.12.egg-info/dependency_links.txt
-- Installing: /home/yinyudream/Desktop/final_design/src/my_bot/install/my_bot/lib/python3.12/site-packages/my_bot-0.0.0-py3.12.egg-info/SOURCES.txt
-- Installing: /home/yinyudream/Desktop/final_design/src/my_bot/install/my_bot/lib/python3.12/site-packages/my_bot-0.0.0-py3.12.egg-info/top_level.txt
-- Up-to-date: /home/yinyudream/Desktop/final_design/src/my_bot/install/my_bot/lib/python3.12/site-packages/my_bot
-- Up-to-date: /home/yinyudream/Desktop/final_design/src/my_bot/install/my_bot/lib/python3.12/site-packages/my_bot/diff_drive_controller.py
-- Up-to-date: /home/yinyudream/Desktop/final_design/src/my_bot/install/my_bot/lib/python3.12/site-packages/my_bot/__init__.py
-- Up-to-date: /home/yinyudream/Desktop/final_design/src/my_bot/install/my_bot/lib/python3.12/site-packages/my_bot/keyboard_control.py
Listing '/home/yinyudream/Desktop/final_design/src/my_bot/install/my_bot/lib/python3.12/site-packages/my_bot'...
-- Up-to-date: /home/yinyudream/Desktop/final_design/src/my_bot/install/my_bot/lib/my_bot/keyboard_control.py
-- Up-to-date: /home/yinyudream/Desktop/final_design/src/my_bot/install/my_bot/lib/my_bot/diff_drive_controller.py
-- Up-to-date: /home/yinyudream/Desktop/final_design/src/my_bot/install/my_bot/share/my_bot/launch
-- Up-to-date: /home/yinyudream/Desktop/final_design/src/my_bot/install/my_bot/share/my_bot/launch/my_bot_launch.py
-- Up-to-date: /home/yinyudream/Desktop/final_design/src/my_bot/install/my_bot/share/my_bot/launch/my_bot_ignition.launch.py
-- Up-to-date: /home/yinyudream/Desktop/final_design/src/my_bot/install/my_bot/share/my_bot/urdf
-- Up-to-date: /home/yinyudream/Desktop/final_design/src/my_bot/install/my_bot/share/my_bot/urdf/my_bot.urdf.xacro
-- Up-to-date: /home/yinyudream/Desktop/final_design/src/my_bot/install/my_bot/share/my_bot/config
-- Up-to-date: /home/yinyudream/Desktop/final_design/src/my_bot/install/my_bot/share/my_bot/config/my_bot.rviz
-- Up-to-date: /home/yinyudream/Desktop/final_design/src/my_bot/install/my_bot/share/my_bot/worlds
-- Up-to-date: /home/yinyudream/Desktop/final_design/src/my_bot/install/my_bot/share/my_bot/worlds/empty.world
-- Up-to-date: /home/yinyudream/Desktop/final_design/src/my_bot/install/my_bot/share/ament_index/resource_index/package_run_dependencies/my_bot
-- Up-to-date: /home/yinyudream/Desktop/final_design/src/my_bot/install/my_bot/share/ament_index/resource_index/parent_prefix_path/my_bot
-- Up-to-date: /home/yinyudream/Desktop/final_design/src/my_bot/install/my_bot/share/my_bot/environment/ament_prefix_path.sh
-- Up-to-date: /home/yinyudream/Desktop/final_design/src/my_bot/install/my_bot/share/my_bot/environment/ament_prefix_path.dsv
-- Up-to-date: /home/yinyudream/Desktop/final_design/src/my_bot/install/my_bot/share/my_bot/environment/path.sh
-- Up-to-date: /home/yinyudream/Desktop/final_design/src/my_bot/install/my_bot/share/my_bot/environment/path.dsv
-- Up-to-date: /home/yinyudream/Desktop/final_design/src/my_bot/install/my_bot/share/my_bot/local_setup.bash
-- Up-to-date: /home/yinyudream/Desktop/final_design/src/my_bot/install/my_bot/share/my_bot/local_setup.sh
-- Up-to-date: /home/yinyudream/Desktop/final_design/src/my_bot/install/my_bot/share/my_bot/local_setup.zsh
-- Up-to-date: /home/yinyudream/Desktop/final_design/src/my_bot/install/my_bot/share/my_bot/local_setup.dsv
-- Up-to-date: /home/yinyudream/Desktop/final_design/src/my_bot/install/my_bot/share/my_bot/package.dsv
-- Up-to-date: /home/yinyudream/Desktop/final_design/src/my_bot/install/my_bot/share/ament_index/resource_index/packages/my_bot
-- Up-to-date: /home/yinyudream/Desktop/final_design/src/my_bot/install/my_bot/share/my_bot/cmake/my_botConfig.cmake
-- Up-to-date: /home/yinyudream/Desktop/final_design/src/my_bot/install/my_bot/share/my_bot/cmake/my_botConfig-version.cmake
-- Up-to-date: /home/yinyudream/Desktop/final_design/src/my_bot/install/my_bot/share/my_bot/package.xml
