[0.017s] Invoking command in '/home/yinyudream/Desktop/final_design/src/my_bot/build/my_bot': CMAKE_PREFIX_PATH=${CMAKE_PREFIX_PATH}:/opt/ros/humble CONDA_PROMPT_MODIFIER=(base) /usr/bin/cmake --build /home/yinyudream/Desktop/final_design/src/my_bot/build/my_bot -- -j16 -l16
[0.060s] Built target ament_cmake_python_copy_my_bot
[0.172s] running egg_info
[0.179s] writing my_bot.egg-info/PKG-INFO
[0.179s] writing dependency_links to my_bot.egg-info/dependency_links.txt
[0.179s] writing top-level names to my_bot.egg-info/top_level.txt
[0.201s] reading manifest file 'my_bot.egg-info/SOURCES.txt'
[0.202s] writing manifest file 'my_bot.egg-info/SOURCES.txt'
[0.222s] Built target ament_cmake_python_build_my_bot_egg
[0.229s] Invoked command in '/home/yinyudream/Desktop/final_design/src/my_bot/build/my_bot' returned '0': CMAKE_PREFIX_PATH=${CMAKE_PREFIX_PATH}:/opt/ros/humble CONDA_PROMPT_MODIFIER=(base) /usr/bin/cmake --build /home/yinyudream/Desktop/final_design/src/my_bot/build/my_bot -- -j16 -l16
[0.237s] Invoking command in '/home/yinyudream/Desktop/final_design/src/my_bot/build/my_bot': CMAKE_PREFIX_PATH=${CMAKE_PREFIX_PATH}:/opt/ros/humble CONDA_PROMPT_MODIFIER=(base) /usr/bin/cmake --install /home/yinyudream/Desktop/final_design/src/my_bot/build/my_bot
[0.242s] -- Install configuration: ""
[0.242s] -- Up-to-date: /home/yinyudream/Desktop/final_design/src/my_bot/install/my_bot/share/my_bot/environment/pythonpath.sh
[0.242s] -- Up-to-date: /home/yinyudream/Desktop/final_design/src/my_bot/install/my_bot/share/my_bot/environment/pythonpath.dsv
[0.242s] -- Up-to-date: /home/yinyudream/Desktop/final_design/src/my_bot/install/my_bot/lib/python3.12/site-packages/my_bot-0.0.0-py3.12.egg-info
[0.242s] -- Installing: /home/yinyudream/Desktop/final_design/src/my_bot/install/my_bot/lib/python3.12/site-packages/my_bot-0.0.0-py3.12.egg-info/PKG-INFO
[0.243s] -- Installing: /home/yinyudream/Desktop/final_design/src/my_bot/install/my_bot/lib/python3.12/site-packages/my_bot-0.0.0-py3.12.egg-info/dependency_links.txt
[0.243s] -- Installing: /home/yinyudream/Desktop/final_design/src/my_bot/install/my_bot/lib/python3.12/site-packages/my_bot-0.0.0-py3.12.egg-info/SOURCES.txt
[0.243s] -- Installing: /home/yinyudream/Desktop/final_design/src/my_bot/install/my_bot/lib/python3.12/site-packages/my_bot-0.0.0-py3.12.egg-info/top_level.txt
[0.243s] -- Up-to-date: /home/yinyudream/Desktop/final_design/src/my_bot/install/my_bot/lib/python3.12/site-packages/my_bot
[0.243s] -- Up-to-date: /home/yinyudream/Desktop/final_design/src/my_bot/install/my_bot/lib/python3.12/site-packages/my_bot/diff_drive_controller.py
[0.243s] -- Up-to-date: /home/yinyudream/Desktop/final_design/src/my_bot/install/my_bot/lib/python3.12/site-packages/my_bot/__init__.py
[0.243s] -- Up-to-date: /home/yinyudream/Desktop/final_design/src/my_bot/install/my_bot/lib/python3.12/site-packages/my_bot/keyboard_control.py
[0.263s] Listing '/home/yinyudream/Desktop/final_design/src/my_bot/install/my_bot/lib/python3.12/site-packages/my_bot'...
[0.266s] -- Up-to-date: /home/yinyudream/Desktop/final_design/src/my_bot/install/my_bot/lib/my_bot/keyboard_control.py
[0.266s] -- Up-to-date: /home/yinyudream/Desktop/final_design/src/my_bot/install/my_bot/lib/my_bot/diff_drive_controller.py
[0.266s] -- Up-to-date: /home/yinyudream/Desktop/final_design/src/my_bot/install/my_bot/share/my_bot/launch
[0.266s] -- Up-to-date: /home/yinyudream/Desktop/final_design/src/my_bot/install/my_bot/share/my_bot/launch/my_bot_launch.py
[0.266s] -- Up-to-date: /home/yinyudream/Desktop/final_design/src/my_bot/install/my_bot/share/my_bot/launch/my_bot_ignition.launch.py
[0.266s] -- Up-to-date: /home/yinyudream/Desktop/final_design/src/my_bot/install/my_bot/share/my_bot/urdf
[0.266s] -- Up-to-date: /home/yinyudream/Desktop/final_design/src/my_bot/install/my_bot/share/my_bot/urdf/my_bot.urdf.xacro
[0.266s] -- Up-to-date: /home/yinyudream/Desktop/final_design/src/my_bot/install/my_bot/share/my_bot/config
[0.266s] -- Up-to-date: /home/yinyudream/Desktop/final_design/src/my_bot/install/my_bot/share/my_bot/config/my_bot.rviz
[0.266s] -- Up-to-date: /home/yinyudream/Desktop/final_design/src/my_bot/install/my_bot/share/my_bot/worlds
[0.266s] -- Up-to-date: /home/yinyudream/Desktop/final_design/src/my_bot/install/my_bot/share/my_bot/worlds/empty.world
[0.266s] -- Up-to-date: /home/yinyudream/Desktop/final_design/src/my_bot/install/my_bot/share/ament_index/resource_index/package_run_dependencies/my_bot
[0.266s] -- Up-to-date: /home/yinyudream/Desktop/final_design/src/my_bot/install/my_bot/share/ament_index/resource_index/parent_prefix_path/my_bot
[0.266s] -- Up-to-date: /home/yinyudream/Desktop/final_design/src/my_bot/install/my_bot/share/my_bot/environment/ament_prefix_path.sh
[0.266s] -- Up-to-date: /home/yinyudream/Desktop/final_design/src/my_bot/install/my_bot/share/my_bot/environment/ament_prefix_path.dsv
[0.266s] -- Up-to-date: /home/yinyudream/Desktop/final_design/src/my_bot/install/my_bot/share/my_bot/environment/path.sh
[0.267s] -- Up-to-date: /home/yinyudream/Desktop/final_design/src/my_bot/install/my_bot/share/my_bot/environment/path.dsv
[0.267s] -- Up-to-date: /home/yinyudream/Desktop/final_design/src/my_bot/install/my_bot/share/my_bot/local_setup.bash
[0.267s] -- Up-to-date: /home/yinyudream/Desktop/final_design/src/my_bot/install/my_bot/share/my_bot/local_setup.sh
[0.267s] -- Up-to-date: /home/yinyudream/Desktop/final_design/src/my_bot/install/my_bot/share/my_bot/local_setup.zsh
[0.267s] -- Up-to-date: /home/yinyudream/Desktop/final_design/src/my_bot/install/my_bot/share/my_bot/local_setup.dsv
[0.267s] -- Up-to-date: /home/yinyudream/Desktop/final_design/src/my_bot/install/my_bot/share/my_bot/package.dsv
[0.267s] -- Up-to-date: /home/yinyudream/Desktop/final_design/src/my_bot/install/my_bot/share/ament_index/resource_index/packages/my_bot
[0.267s] -- Up-to-date: /home/yinyudream/Desktop/final_design/src/my_bot/install/my_bot/share/my_bot/cmake/my_botConfig.cmake
[0.267s] -- Up-to-date: /home/yinyudream/Desktop/final_design/src/my_bot/install/my_bot/share/my_bot/cmake/my_botConfig-version.cmake
[0.267s] -- Up-to-date: /home/yinyudream/Desktop/final_design/src/my_bot/install/my_bot/share/my_bot/package.xml
[0.268s] Invoked command in '/home/yinyudream/Desktop/final_design/src/my_bot/build/my_bot' returned '0': CMAKE_PREFIX_PATH=${CMAKE_PREFIX_PATH}:/opt/ros/humble CONDA_PROMPT_MODIFIER=(base) /usr/bin/cmake --install /home/yinyudream/Desktop/final_design/src/my_bot/build/my_bot
