[0.056s] DEBUG:colcon:Command line arguments: ['/usr/bin/colcon', 'list', '-p', '--base-paths', '/home/yinyudream/Desktop/final_design', '--log-base', '/dev/null']
[0.056s] DEBUG:colcon:Parsed command line arguments: Namespace(log_base=None, log_level=None, verb_name='list', build_base='build', ignore_user_meta=False, metas=['./colcon.meta'], base_paths=['/home/yinyudream/Desktop/final_design', '--log-base', '/dev/null'], packages_ignore=None, packages_ignore_regex=None, paths=None, packages_up_to=None, packages_up_to_regex=None, packages_above=None, packages_above_and_dependencies=None, packages_above_depth=None, packages_select_by_dep=None, packages_skip_by_dep=None, packages_skip_up_to=None, packages_select_build_failed=False, packages_skip_build_finished=False, packages_select_test_failures=False, packages_skip_test_passed=False, packages_select=None, packages_skip=None, packages_select_regex=None, packages_skip_regex=None, packages_start=None, packages_end=None, allow_overriding=[], topological_order=False, names_only=False, paths_only=True, topological_graph=False, topological_graph_dot=False, topological_graph_density=False, topological_graph_legend=False, topological_graph_dot_cluster=False, topological_graph_dot_include_skipped=False, verb_parser=<colcon_defaults.argument_parser.defaults.DefaultArgumentsDecorator object at 0x7149a27bfaf0>, verb_extension=<colcon_package_information.verb.list.ListVerb object at 0x7149a27bf250>, main=<bound method ListVerb.main of <colcon_package_information.verb.list.ListVerb object at 0x7149a27bf250>>)
[0.145s] Level 1:colcon.colcon_core.package_discovery:discover_packages(colcon_meta) check parameters
[0.145s] Level 1:colcon.colcon_core.package_discovery:discover_packages(recursive) check parameters
[0.145s] Level 1:colcon.colcon_core.package_discovery:discover_packages(ignore) check parameters
[0.145s] Level 1:colcon.colcon_core.package_discovery:discover_packages(path) check parameters
[0.145s] Level 1:colcon.colcon_core.package_discovery:discover_packages(recursive) discover
[0.145s] INFO:colcon.colcon_core.package_discovery:Crawling recursively for packages in '/home/yinyudream/Desktop/final_design', '/home/yinyudream/Desktop/final_design/--log-base', '/dev/null'
[0.145s] Level 1:colcon.colcon_core.package_identification:_identify(/home/yinyudream/Desktop/final_design) by extensions ['ignore', 'ignore_ament_install']
[0.145s] Level 1:colcon.colcon_core.package_identification:_identify(/home/yinyudream/Desktop/final_design) by extension 'ignore'
[0.145s] Level 1:colcon.colcon_core.package_identification:_identify(/home/yinyudream/Desktop/final_design) by extension 'ignore_ament_install'
[0.145s] Level 1:colcon.colcon_core.package_identification:_identify(/home/yinyudream/Desktop/final_design) by extensions ['colcon_pkg']
[0.145s] Level 1:colcon.colcon_core.package_identification:_identify(/home/yinyudream/Desktop/final_design) by extension 'colcon_pkg'
[0.145s] Level 1:colcon.colcon_core.package_identification:_identify(/home/yinyudream/Desktop/final_design) by extensions ['colcon_meta']
[0.145s] Level 1:colcon.colcon_core.package_identification:_identify(/home/yinyudream/Desktop/final_design) by extension 'colcon_meta'
[0.145s] Level 1:colcon.colcon_core.package_identification:_identify(/home/yinyudream/Desktop/final_design) by extensions ['ros']
[0.145s] Level 1:colcon.colcon_core.package_identification:_identify(/home/yinyudream/Desktop/final_design) by extension 'ros'
[0.154s] Level 1:colcon.colcon_core.package_identification:_identify(/home/yinyudream/Desktop/final_design) by extensions ['cmake', 'python']
[0.154s] Level 1:colcon.colcon_core.package_identification:_identify(/home/yinyudream/Desktop/final_design) by extension 'cmake'
[0.154s] Level 1:colcon.colcon_core.package_identification:_identify(/home/yinyudream/Desktop/final_design) by extension 'python'
[0.154s] Level 1:colcon.colcon_core.package_identification:_identify(/home/yinyudream/Desktop/final_design) by extensions ['python_setup_py']
[0.154s] Level 1:colcon.colcon_core.package_identification:_identify(/home/yinyudream/Desktop/final_design) by extension 'python_setup_py'
[0.154s] Level 1:colcon.colcon_core.package_identification:_identify(/home/yinyudream/Desktop/final_design/log) by extensions ['ignore', 'ignore_ament_install']
[0.154s] Level 1:colcon.colcon_core.package_identification:_identify(/home/yinyudream/Desktop/final_design/log) by extension 'ignore'
[0.154s] Level 1:colcon.colcon_core.package_identification:_identify(/home/yinyudream/Desktop/final_design/log) ignored
[0.154s] Level 1:colcon.colcon_core.package_identification:_identify(/home/yinyudream/Desktop/final_design/src) by extensions ['ignore', 'ignore_ament_install']
[0.154s] Level 1:colcon.colcon_core.package_identification:_identify(/home/yinyudream/Desktop/final_design/src) by extension 'ignore'
[0.155s] Level 1:colcon.colcon_core.package_identification:_identify(/home/yinyudream/Desktop/final_design/src) by extension 'ignore_ament_install'
[0.155s] Level 1:colcon.colcon_core.package_identification:_identify(/home/yinyudream/Desktop/final_design/src) by extensions ['colcon_pkg']
[0.155s] Level 1:colcon.colcon_core.package_identification:_identify(/home/yinyudream/Desktop/final_design/src) by extension 'colcon_pkg'
[0.155s] Level 1:colcon.colcon_core.package_identification:_identify(/home/yinyudream/Desktop/final_design/src) by extensions ['colcon_meta']
[0.155s] Level 1:colcon.colcon_core.package_identification:_identify(/home/yinyudream/Desktop/final_design/src) by extension 'colcon_meta'
[0.155s] Level 1:colcon.colcon_core.package_identification:_identify(/home/yinyudream/Desktop/final_design/src) by extensions ['ros']
[0.155s] Level 1:colcon.colcon_core.package_identification:_identify(/home/yinyudream/Desktop/final_design/src) by extension 'ros'
[0.155s] Level 1:colcon.colcon_core.package_identification:_identify(/home/yinyudream/Desktop/final_design/src) by extensions ['cmake', 'python']
[0.155s] Level 1:colcon.colcon_core.package_identification:_identify(/home/yinyudream/Desktop/final_design/src) by extension 'cmake'
[0.155s] Level 1:colcon.colcon_core.package_identification:_identify(/home/yinyudream/Desktop/final_design/src) by extension 'python'
[0.155s] Level 1:colcon.colcon_core.package_identification:_identify(/home/yinyudream/Desktop/final_design/src) by extensions ['python_setup_py']
[0.155s] Level 1:colcon.colcon_core.package_identification:_identify(/home/yinyudream/Desktop/final_design/src) by extension 'python_setup_py'
[0.155s] Level 1:colcon.colcon_core.package_identification:_identify(/home/yinyudream/Desktop/final_design/src/simple_car_sim) by extensions ['ignore', 'ignore_ament_install']
[0.155s] Level 1:colcon.colcon_core.package_identification:_identify(/home/yinyudream/Desktop/final_design/src/simple_car_sim) by extension 'ignore'
[0.155s] Level 1:colcon.colcon_core.package_identification:_identify(/home/yinyudream/Desktop/final_design/src/simple_car_sim) by extension 'ignore_ament_install'
[0.155s] Level 1:colcon.colcon_core.package_identification:_identify(/home/yinyudream/Desktop/final_design/src/simple_car_sim) by extensions ['colcon_pkg']
[0.155s] Level 1:colcon.colcon_core.package_identification:_identify(/home/yinyudream/Desktop/final_design/src/simple_car_sim) by extension 'colcon_pkg'
[0.155s] Level 1:colcon.colcon_core.package_identification:_identify(/home/yinyudream/Desktop/final_design/src/simple_car_sim) by extensions ['colcon_meta']
[0.155s] Level 1:colcon.colcon_core.package_identification:_identify(/home/yinyudream/Desktop/final_design/src/simple_car_sim) by extension 'colcon_meta'
[0.155s] Level 1:colcon.colcon_core.package_identification:_identify(/home/yinyudream/Desktop/final_design/src/simple_car_sim) by extensions ['ros']
[0.155s] Level 1:colcon.colcon_core.package_identification:_identify(/home/yinyudream/Desktop/final_design/src/simple_car_sim) by extension 'ros'
[0.157s] DEBUG:colcon.colcon_core.package_identification:Package '/home/yinyudream/Desktop/final_design/src/simple_car_sim' with type 'ros.ament_cmake' and name 'simple_car_sim'
[0.157s] Level 1:colcon.colcon_core.package_identification:_identify(/home/yinyudream/Desktop/final_design/src/src) by extensions ['ignore', 'ignore_ament_install']
[0.157s] Level 1:colcon.colcon_core.package_identification:_identify(/home/yinyudream/Desktop/final_design/src/src) by extension 'ignore'
[0.157s] Level 1:colcon.colcon_core.package_identification:_identify(/home/yinyudream/Desktop/final_design/src/src) by extension 'ignore_ament_install'
[0.157s] Level 1:colcon.colcon_core.package_identification:_identify(/home/yinyudream/Desktop/final_design/src/src) by extensions ['colcon_pkg']
[0.158s] Level 1:colcon.colcon_core.package_identification:_identify(/home/yinyudream/Desktop/final_design/src/src) by extension 'colcon_pkg'
[0.158s] Level 1:colcon.colcon_core.package_identification:_identify(/home/yinyudream/Desktop/final_design/src/src) by extensions ['colcon_meta']
[0.158s] Level 1:colcon.colcon_core.package_identification:_identify(/home/yinyudream/Desktop/final_design/src/src) by extension 'colcon_meta'
[0.158s] Level 1:colcon.colcon_core.package_identification:_identify(/home/yinyudream/Desktop/final_design/src/src) by extensions ['ros']
[0.158s] Level 1:colcon.colcon_core.package_identification:_identify(/home/yinyudream/Desktop/final_design/src/src) by extension 'ros'
[0.158s] Level 1:colcon.colcon_core.package_identification:_identify(/home/yinyudream/Desktop/final_design/src/src) by extensions ['cmake', 'python']
[0.158s] Level 1:colcon.colcon_core.package_identification:_identify(/home/yinyudream/Desktop/final_design/src/src) by extension 'cmake'
[0.158s] Level 1:colcon.colcon_core.package_identification:_identify(/home/yinyudream/Desktop/final_design/src/src) by extension 'python'
[0.158s] Level 1:colcon.colcon_core.package_identification:_identify(/home/yinyudream/Desktop/final_design/src/src) by extensions ['python_setup_py']
[0.158s] Level 1:colcon.colcon_core.package_identification:_identify(/home/yinyudream/Desktop/final_design/src/src) by extension 'python_setup_py'
[0.158s] Level 1:colcon.colcon_core.package_identification:_identify(/home/yinyudream/Desktop/final_design/src/src/simple_car_sim) by extensions ['ignore', 'ignore_ament_install']
[0.158s] Level 1:colcon.colcon_core.package_identification:_identify(/home/yinyudream/Desktop/final_design/src/src/simple_car_sim) by extension 'ignore'
[0.158s] Level 1:colcon.colcon_core.package_identification:_identify(/home/yinyudream/Desktop/final_design/src/src/simple_car_sim) by extension 'ignore_ament_install'
[0.158s] Level 1:colcon.colcon_core.package_identification:_identify(/home/yinyudream/Desktop/final_design/src/src/simple_car_sim) by extensions ['colcon_pkg']
[0.158s] Level 1:colcon.colcon_core.package_identification:_identify(/home/yinyudream/Desktop/final_design/src/src/simple_car_sim) by extension 'colcon_pkg'
[0.158s] Level 1:colcon.colcon_core.package_identification:_identify(/home/yinyudream/Desktop/final_design/src/src/simple_car_sim) by extensions ['colcon_meta']
[0.158s] Level 1:colcon.colcon_core.package_identification:_identify(/home/yinyudream/Desktop/final_design/src/src/simple_car_sim) by extension 'colcon_meta'
[0.158s] Level 1:colcon.colcon_core.package_identification:_identify(/home/yinyudream/Desktop/final_design/src/src/simple_car_sim) by extensions ['ros']
[0.158s] Level 1:colcon.colcon_core.package_identification:_identify(/home/yinyudream/Desktop/final_design/src/src/simple_car_sim) by extension 'ros'
[0.158s] Level 1:colcon.colcon_core.package_identification:_identify(/home/yinyudream/Desktop/final_design/src/src/simple_car_sim) by extensions ['cmake', 'python']
[0.158s] Level 1:colcon.colcon_core.package_identification:_identify(/home/yinyudream/Desktop/final_design/src/src/simple_car_sim) by extension 'cmake'
[0.158s] Level 1:colcon.colcon_core.package_identification:_identify(/home/yinyudream/Desktop/final_design/src/src/simple_car_sim) by extension 'python'
[0.158s] Level 1:colcon.colcon_core.package_identification:_identify(/home/yinyudream/Desktop/final_design/src/src/simple_car_sim) by extensions ['python_setup_py']
[0.158s] Level 1:colcon.colcon_core.package_identification:_identify(/home/yinyudream/Desktop/final_design/src/src/simple_car_sim) by extension 'python_setup_py'
[0.158s] Level 1:colcon.colcon_core.package_identification:_identify(/home/yinyudream/Desktop/final_design/src/src/simple_car_sim/launch) by extensions ['ignore', 'ignore_ament_install']
[0.158s] Level 1:colcon.colcon_core.package_identification:_identify(/home/yinyudream/Desktop/final_design/src/src/simple_car_sim/launch) by extension 'ignore'
[0.158s] Level 1:colcon.colcon_core.package_identification:_identify(/home/yinyudream/Desktop/final_design/src/src/simple_car_sim/launch) by extension 'ignore_ament_install'
[0.158s] Level 1:colcon.colcon_core.package_identification:_identify(/home/yinyudream/Desktop/final_design/src/src/simple_car_sim/launch) by extensions ['colcon_pkg']
[0.158s] Level 1:colcon.colcon_core.package_identification:_identify(/home/yinyudream/Desktop/final_design/src/src/simple_car_sim/launch) by extension 'colcon_pkg'
[0.158s] Level 1:colcon.colcon_core.package_identification:_identify(/home/yinyudream/Desktop/final_design/src/src/simple_car_sim/launch) by extensions ['colcon_meta']
[0.158s] Level 1:colcon.colcon_core.package_identification:_identify(/home/yinyudream/Desktop/final_design/src/src/simple_car_sim/launch) by extension 'colcon_meta'
[0.158s] Level 1:colcon.colcon_core.package_identification:_identify(/home/yinyudream/Desktop/final_design/src/src/simple_car_sim/launch) by extensions ['ros']
[0.158s] Level 1:colcon.colcon_core.package_identification:_identify(/home/yinyudream/Desktop/final_design/src/src/simple_car_sim/launch) by extension 'ros'
[0.159s] Level 1:colcon.colcon_core.package_identification:_identify(/home/yinyudream/Desktop/final_design/src/src/simple_car_sim/launch) by extensions ['cmake', 'python']
[0.159s] Level 1:colcon.colcon_core.package_identification:_identify(/home/yinyudream/Desktop/final_design/src/src/simple_car_sim/launch) by extension 'cmake'
[0.159s] Level 1:colcon.colcon_core.package_identification:_identify(/home/yinyudream/Desktop/final_design/src/src/simple_car_sim/launch) by extension 'python'
[0.159s] Level 1:colcon.colcon_core.package_identification:_identify(/home/yinyudream/Desktop/final_design/src/src/simple_car_sim/launch) by extensions ['python_setup_py']
[0.159s] Level 1:colcon.colcon_core.package_identification:_identify(/home/yinyudream/Desktop/final_design/src/src/simple_car_sim/launch) by extension 'python_setup_py'
[0.159s] Level 1:colcon.colcon_core.package_identification:_identify(/home/yinyudream/Desktop/final_design/src/src/simple_car_sim/rviz) by extensions ['ignore', 'ignore_ament_install']
[0.159s] Level 1:colcon.colcon_core.package_identification:_identify(/home/yinyudream/Desktop/final_design/src/src/simple_car_sim/rviz) by extension 'ignore'
[0.159s] Level 1:colcon.colcon_core.package_identification:_identify(/home/yinyudream/Desktop/final_design/src/src/simple_car_sim/rviz) by extension 'ignore_ament_install'
[0.159s] Level 1:colcon.colcon_core.package_identification:_identify(/home/yinyudream/Desktop/final_design/src/src/simple_car_sim/rviz) by extensions ['colcon_pkg']
[0.159s] Level 1:colcon.colcon_core.package_identification:_identify(/home/yinyudream/Desktop/final_design/src/src/simple_car_sim/rviz) by extension 'colcon_pkg'
[0.159s] Level 1:colcon.colcon_core.package_identification:_identify(/home/yinyudream/Desktop/final_design/src/src/simple_car_sim/rviz) by extensions ['colcon_meta']
[0.159s] Level 1:colcon.colcon_core.package_identification:_identify(/home/yinyudream/Desktop/final_design/src/src/simple_car_sim/rviz) by extension 'colcon_meta'
[0.159s] Level 1:colcon.colcon_core.package_identification:_identify(/home/yinyudream/Desktop/final_design/src/src/simple_car_sim/rviz) by extensions ['ros']
[0.159s] Level 1:colcon.colcon_core.package_identification:_identify(/home/yinyudream/Desktop/final_design/src/src/simple_car_sim/rviz) by extension 'ros'
[0.159s] Level 1:colcon.colcon_core.package_identification:_identify(/home/yinyudream/Desktop/final_design/src/src/simple_car_sim/rviz) by extensions ['cmake', 'python']
[0.159s] Level 1:colcon.colcon_core.package_identification:_identify(/home/yinyudream/Desktop/final_design/src/src/simple_car_sim/rviz) by extension 'cmake'
[0.159s] Level 1:colcon.colcon_core.package_identification:_identify(/home/yinyudream/Desktop/final_design/src/src/simple_car_sim/rviz) by extension 'python'
[0.159s] Level 1:colcon.colcon_core.package_identification:_identify(/home/yinyudream/Desktop/final_design/src/src/simple_car_sim/rviz) by extensions ['python_setup_py']
[0.159s] Level 1:colcon.colcon_core.package_identification:_identify(/home/yinyudream/Desktop/final_design/src/src/simple_car_sim/rviz) by extension 'python_setup_py'
[0.159s] Level 1:colcon.colcon_core.package_identification:_identify(/home/yinyudream/Desktop/final_design/src/src/simple_car_sim/urdf) by extensions ['ignore', 'ignore_ament_install']
[0.159s] Level 1:colcon.colcon_core.package_identification:_identify(/home/yinyudream/Desktop/final_design/src/src/simple_car_sim/urdf) by extension 'ignore'
[0.159s] Level 1:colcon.colcon_core.package_identification:_identify(/home/yinyudream/Desktop/final_design/src/src/simple_car_sim/urdf) by extension 'ignore_ament_install'
[0.159s] Level 1:colcon.colcon_core.package_identification:_identify(/home/yinyudream/Desktop/final_design/src/src/simple_car_sim/urdf) by extensions ['colcon_pkg']
[0.159s] Level 1:colcon.colcon_core.package_identification:_identify(/home/yinyudream/Desktop/final_design/src/src/simple_car_sim/urdf) by extension 'colcon_pkg'
[0.159s] Level 1:colcon.colcon_core.package_identification:_identify(/home/yinyudream/Desktop/final_design/src/src/simple_car_sim/urdf) by extensions ['colcon_meta']
[0.159s] Level 1:colcon.colcon_core.package_identification:_identify(/home/yinyudream/Desktop/final_design/src/src/simple_car_sim/urdf) by extension 'colcon_meta'
[0.159s] Level 1:colcon.colcon_core.package_identification:_identify(/home/yinyudream/Desktop/final_design/src/src/simple_car_sim/urdf) by extensions ['ros']
[0.159s] Level 1:colcon.colcon_core.package_identification:_identify(/home/yinyudream/Desktop/final_design/src/src/simple_car_sim/urdf) by extension 'ros'
[0.159s] Level 1:colcon.colcon_core.package_identification:_identify(/home/yinyudream/Desktop/final_design/src/src/simple_car_sim/urdf) by extensions ['cmake', 'python']
[0.159s] Level 1:colcon.colcon_core.package_identification:_identify(/home/yinyudream/Desktop/final_design/src/src/simple_car_sim/urdf) by extension 'cmake'
[0.159s] Level 1:colcon.colcon_core.package_identification:_identify(/home/yinyudream/Desktop/final_design/src/src/simple_car_sim/urdf) by extension 'python'
[0.159s] Level 1:colcon.colcon_core.package_identification:_identify(/home/yinyudream/Desktop/final_design/src/src/simple_car_sim/urdf) by extensions ['python_setup_py']
[0.159s] Level 1:colcon.colcon_core.package_identification:_identify(/home/yinyudream/Desktop/final_design/src/src/simple_car_sim/urdf) by extension 'python_setup_py'
[0.159s] Level 1:colcon.colcon_core.package_identification:_identify(/home/yinyudream/Desktop/final_design/src/src/simple_car_sim/worlds) by extensions ['ignore', 'ignore_ament_install']
[0.159s] Level 1:colcon.colcon_core.package_identification:_identify(/home/yinyudream/Desktop/final_design/src/src/simple_car_sim/worlds) by extension 'ignore'
[0.160s] Level 1:colcon.colcon_core.package_identification:_identify(/home/yinyudream/Desktop/final_design/src/src/simple_car_sim/worlds) by extension 'ignore_ament_install'
[0.160s] Level 1:colcon.colcon_core.package_identification:_identify(/home/yinyudream/Desktop/final_design/src/src/simple_car_sim/worlds) by extensions ['colcon_pkg']
[0.160s] Level 1:colcon.colcon_core.package_identification:_identify(/home/yinyudream/Desktop/final_design/src/src/simple_car_sim/worlds) by extension 'colcon_pkg'
[0.160s] Level 1:colcon.colcon_core.package_identification:_identify(/home/yinyudream/Desktop/final_design/src/src/simple_car_sim/worlds) by extensions ['colcon_meta']
[0.160s] Level 1:colcon.colcon_core.package_identification:_identify(/home/yinyudream/Desktop/final_design/src/src/simple_car_sim/worlds) by extension 'colcon_meta'
[0.160s] Level 1:colcon.colcon_core.package_identification:_identify(/home/yinyudream/Desktop/final_design/src/src/simple_car_sim/worlds) by extensions ['ros']
[0.160s] Level 1:colcon.colcon_core.package_identification:_identify(/home/yinyudream/Desktop/final_design/src/src/simple_car_sim/worlds) by extension 'ros'
[0.160s] Level 1:colcon.colcon_core.package_identification:_identify(/home/yinyudream/Desktop/final_design/src/src/simple_car_sim/worlds) by extensions ['cmake', 'python']
[0.160s] Level 1:colcon.colcon_core.package_identification:_identify(/home/yinyudream/Desktop/final_design/src/src/simple_car_sim/worlds) by extension 'cmake'
[0.160s] Level 1:colcon.colcon_core.package_identification:_identify(/home/yinyudream/Desktop/final_design/src/src/simple_car_sim/worlds) by extension 'python'
[0.160s] Level 1:colcon.colcon_core.package_identification:_identify(/home/yinyudream/Desktop/final_design/src/src/simple_car_sim/worlds) by extensions ['python_setup_py']
[0.160s] Level 1:colcon.colcon_core.package_identification:_identify(/home/yinyudream/Desktop/final_design/src/src/simple_car_sim/worlds) by extension 'python_setup_py'
[0.160s] Level 1:colcon.colcon_core.package_discovery:discover_packages(recursive) using defaults
