[0.007s] Invoking command in '/home/yinyudream/Desktop/final_design/src/my_bot/build/my_bot': CMAKE_PREFIX_PATH=/opt/ros/humble CONDA_PROMPT_MODIFIER=(base) /usr/bin/cmake --build /home/yinyudream/Desktop/final_design/src/my_bot/build/my_bot -- -j16 -l16
[0.026s] -- Found ament_cmake: 1.3.12 (/opt/ros/humble/share/ament_cmake/cmake)
[0.116s] -- Found ament_lint_auto: 0.12.14 (/opt/ros/humble/share/ament_lint_auto/cmake)
[0.180s] -- Added test 'cppcheck' to perform static code analysis on C / C++ code
[0.180s] -- Configured cppcheck include dirs: 
[0.180s] -- Configured cppcheck exclude dirs and/or files: 
[0.181s] -- Added test 'flake8' to check Python code syntax and style conventions
[0.182s] -- Added test 'lint_cmake' to check CMake code style
[0.183s] -- Added test 'pep257' to check Python code against some of the docstring style conventions in PEP 257
[0.188s] -- Added test 'uncrustify' to check C / C++ code style
[0.188s] -- Configured uncrustify additional arguments: 
[0.188s] -- Added test 'xmllint' to check XML markup files
[0.189s] -- Configuring done
[0.190s] -- Generating done
[0.192s] -- Build files have been written to: /home/yinyudream/Desktop/final_design/src/my_bot/build/my_bot
[0.219s] Built target ament_cmake_python_copy_my_bot
[0.332s] running egg_info
[0.339s] writing my_bot.egg-info/PKG-INFO
[0.339s] writing dependency_links to my_bot.egg-info/dependency_links.txt
[0.340s] writing top-level names to my_bot.egg-info/top_level.txt
[0.361s] reading manifest file 'my_bot.egg-info/SOURCES.txt'
[0.362s] writing manifest file 'my_bot.egg-info/SOURCES.txt'
[0.382s] Built target ament_cmake_python_build_my_bot_egg
[0.390s] Invoked command in '/home/yinyudream/Desktop/final_design/src/my_bot/build/my_bot' returned '0': CMAKE_PREFIX_PATH=/opt/ros/humble CONDA_PROMPT_MODIFIER=(base) /usr/bin/cmake --build /home/yinyudream/Desktop/final_design/src/my_bot/build/my_bot -- -j16 -l16
[0.396s] Invoking command in '/home/yinyudream/Desktop/final_design/src/my_bot/build/my_bot': CMAKE_PREFIX_PATH=/opt/ros/humble CONDA_PROMPT_MODIFIER=(base) /usr/bin/cmake --install /home/yinyudream/Desktop/final_design/src/my_bot/build/my_bot
[0.401s] -- Install configuration: ""
[0.401s] -- Up-to-date: /home/yinyudream/Desktop/final_design/src/my_bot/install/my_bot/share/my_bot/environment/pythonpath.sh
[0.401s] -- Installing: /home/yinyudream/Desktop/final_design/src/my_bot/install/my_bot/share/my_bot/environment/pythonpath.dsv
[0.401s] -- Up-to-date: /home/yinyudream/Desktop/final_design/src/my_bot/install/my_bot/lib/python3.12/site-packages/my_bot-0.0.0-py3.12.egg-info
[0.401s] -- Installing: /home/yinyudream/Desktop/final_design/src/my_bot/install/my_bot/lib/python3.12/site-packages/my_bot-0.0.0-py3.12.egg-info/PKG-INFO
[0.401s] -- Installing: /home/yinyudream/Desktop/final_design/src/my_bot/install/my_bot/lib/python3.12/site-packages/my_bot-0.0.0-py3.12.egg-info/dependency_links.txt
[0.401s] -- Installing: /home/yinyudream/Desktop/final_design/src/my_bot/install/my_bot/lib/python3.12/site-packages/my_bot-0.0.0-py3.12.egg-info/SOURCES.txt
[0.401s] -- Installing: /home/yinyudream/Desktop/final_design/src/my_bot/install/my_bot/lib/python3.12/site-packages/my_bot-0.0.0-py3.12.egg-info/top_level.txt
[0.401s] -- Up-to-date: /home/yinyudream/Desktop/final_design/src/my_bot/install/my_bot/lib/python3.12/site-packages/my_bot
[0.401s] -- Up-to-date: /home/yinyudream/Desktop/final_design/src/my_bot/install/my_bot/lib/python3.12/site-packages/my_bot/diff_drive_controller.py
[0.401s] -- Up-to-date: /home/yinyudream/Desktop/final_design/src/my_bot/install/my_bot/lib/python3.12/site-packages/my_bot/__init__.py
[0.401s] -- Up-to-date: /home/yinyudream/Desktop/final_design/src/my_bot/install/my_bot/lib/python3.12/site-packages/my_bot/keyboard_control.py
[0.427s] Listing '/home/yinyudream/Desktop/final_design/src/my_bot/install/my_bot/lib/python3.12/site-packages/my_bot'...
[0.430s] -- Up-to-date: /home/yinyudream/Desktop/final_design/src/my_bot/install/my_bot/lib/my_bot/keyboard_control.py
[0.431s] -- Up-to-date: /home/yinyudream/Desktop/final_design/src/my_bot/install/my_bot/lib/my_bot/diff_drive_controller.py
[0.431s] -- Up-to-date: /home/yinyudream/Desktop/final_design/src/my_bot/install/my_bot/share/my_bot/launch
[0.431s] -- Up-to-date: /home/yinyudream/Desktop/final_design/src/my_bot/install/my_bot/share/my_bot/launch/my_bot_launch.py
[0.431s] -- Installing: /home/yinyudream/Desktop/final_design/src/my_bot/install/my_bot/share/my_bot/launch/my_bot_ignition.launch.py
[0.431s] -- Up-to-date: /home/yinyudream/Desktop/final_design/src/my_bot/install/my_bot/share/my_bot/urdf
[0.431s] -- Up-to-date: /home/yinyudream/Desktop/final_design/src/my_bot/install/my_bot/share/my_bot/urdf/my_bot.urdf.xacro
[0.431s] -- Up-to-date: /home/yinyudream/Desktop/final_design/src/my_bot/install/my_bot/share/my_bot/config
[0.431s] -- Up-to-date: /home/yinyudream/Desktop/final_design/src/my_bot/install/my_bot/share/my_bot/config/my_bot.rviz
[0.431s] -- Up-to-date: /home/yinyudream/Desktop/final_design/src/my_bot/install/my_bot/share/my_bot/worlds
[0.431s] -- Up-to-date: /home/yinyudream/Desktop/final_design/src/my_bot/install/my_bot/share/my_bot/worlds/empty.world
[0.431s] -- Installing: /home/yinyudream/Desktop/final_design/src/my_bot/install/my_bot/share/ament_index/resource_index/package_run_dependencies/my_bot
[0.431s] -- Up-to-date: /home/yinyudream/Desktop/final_design/src/my_bot/install/my_bot/share/ament_index/resource_index/parent_prefix_path/my_bot
[0.432s] -- Up-to-date: /home/yinyudream/Desktop/final_design/src/my_bot/install/my_bot/share/my_bot/environment/ament_prefix_path.sh
[0.432s] -- Installing: /home/yinyudream/Desktop/final_design/src/my_bot/install/my_bot/share/my_bot/environment/ament_prefix_path.dsv
[0.432s] -- Up-to-date: /home/yinyudream/Desktop/final_design/src/my_bot/install/my_bot/share/my_bot/environment/path.sh
[0.432s] -- Installing: /home/yinyudream/Desktop/final_design/src/my_bot/install/my_bot/share/my_bot/environment/path.dsv
[0.432s] -- Up-to-date: /home/yinyudream/Desktop/final_design/src/my_bot/install/my_bot/share/my_bot/local_setup.bash
[0.432s] -- Up-to-date: /home/yinyudream/Desktop/final_design/src/my_bot/install/my_bot/share/my_bot/local_setup.sh
[0.432s] -- Up-to-date: /home/yinyudream/Desktop/final_design/src/my_bot/install/my_bot/share/my_bot/local_setup.zsh
[0.432s] -- Installing: /home/yinyudream/Desktop/final_design/src/my_bot/install/my_bot/share/my_bot/local_setup.dsv
[0.433s] -- Installing: /home/yinyudream/Desktop/final_design/src/my_bot/install/my_bot/share/my_bot/package.dsv
[0.433s] -- Up-to-date: /home/yinyudream/Desktop/final_design/src/my_bot/install/my_bot/share/ament_index/resource_index/packages/my_bot
[0.433s] -- Up-to-date: /home/yinyudream/Desktop/final_design/src/my_bot/install/my_bot/share/my_bot/cmake/my_botConfig.cmake
[0.433s] -- Up-to-date: /home/yinyudream/Desktop/final_design/src/my_bot/install/my_bot/share/my_bot/cmake/my_botConfig-version.cmake
[0.433s] -- Installing: /home/yinyudream/Desktop/final_design/src/my_bot/install/my_bot/share/my_bot/package.xml
[0.433s] Invoked command in '/home/yinyudream/Desktop/final_design/src/my_bot/build/my_bot' returned '0': CMAKE_PREFIX_PATH=/opt/ros/humble CONDA_PROMPT_MODIFIER=(base) /usr/bin/cmake --install /home/yinyudream/Desktop/final_design/src/my_bot/build/my_bot
