running develop
running egg_info
creating four_wheel_robot.egg-info
writing four_wheel_robot.egg-info/PKG-INFO
writing dependency_links to four_wheel_robot.egg-info/dependency_links.txt
writing entry points to four_wheel_robot.egg-info/entry_points.txt
writing requirements to four_wheel_robot.egg-info/requires.txt
writing top-level names to four_wheel_robot.egg-info/top_level.txt
writing manifest file 'four_wheel_robot.egg-info/SOURCES.txt'
reading manifest file 'four_wheel_robot.egg-info/SOURCES.txt'
writing manifest file 'four_wheel_robot.egg-info/SOURCES.txt'
running build_ext
Creating /home/yinyudream/Desktop/final_design/colcon_ws/install/four_wheel_robot/lib/python3.10/site-packages/four-wheel-robot.egg-link (link to .)
Installing keyboard_teleop script to /home/yinyudream/Desktop/final_design/colcon_ws/install/four_wheel_robot/lib/four_wheel_robot

Installed /home/yinyudream/Desktop/final_design/colcon_ws/build/four_wheel_robot
running symlink_data
creating /home/yinyudream/Desktop/final_design/colcon_ws/install/four_wheel_robot/share/ament_index
creating /home/yinyudream/Desktop/final_design/colcon_ws/install/four_wheel_robot/share/ament_index/resource_index
creating /home/yinyudream/Desktop/final_design/colcon_ws/install/four_wheel_robot/share/ament_index/resource_index/packages
symbolically linking /home/yinyudream/Desktop/final_design/colcon_ws/build/four_wheel_robot/resource/four_wheel_robot -> /home/yinyudream/Desktop/final_design/colcon_ws/install/four_wheel_robot/share/ament_index/resource_index/packages
symbolically linking /home/yinyudream/Desktop/final_design/colcon_ws/build/four_wheel_robot/package.xml -> /home/yinyudream/Desktop/final_design/colcon_ws/install/four_wheel_robot/share/four_wheel_robot
creating /home/yinyudream/Desktop/final_design/colcon_ws/install/four_wheel_robot/share/four_wheel_robot/launch
symbolically linking /home/yinyudream/Desktop/final_design/colcon_ws/build/four_wheel_robot/launch/teleop.launch.py -> /home/yinyudream/Desktop/final_design/colcon_ws/install/four_wheel_robot/share/four_wheel_robot/launch
symbolically linking /home/yinyudream/Desktop/final_design/colcon_ws/build/four_wheel_robot/launch/sim.launch.py -> /home/yinyudream/Desktop/final_design/colcon_ws/install/four_wheel_robot/share/four_wheel_robot/launch
creating /home/yinyudream/Desktop/final_design/colcon_ws/install/four_wheel_robot/share/four_wheel_robot/urdf
symbolically linking /home/yinyudream/Desktop/final_design/colcon_ws/build/four_wheel_robot/urdf/four_wheel_robot.urdf.xacro -> /home/yinyudream/Desktop/final_design/colcon_ws/install/four_wheel_robot/share/four_wheel_robot/urdf
creating /home/yinyudream/Desktop/final_design/colcon_ws/install/four_wheel_robot/share/four_wheel_robot/config
symbolically linking /home/yinyudream/Desktop/final_design/colcon_ws/build/four_wheel_robot/config/ros2_control.yaml -> /home/yinyudream/Desktop/final_design/colcon_ws/install/four_wheel_robot/share/four_wheel_robot/config
creating /home/yinyudream/Desktop/final_design/colcon_ws/install/four_wheel_robot/share/four_wheel_robot/rviz
symbolically linking /home/yinyudream/Desktop/final_design/colcon_ws/build/four_wheel_robot/rviz/robot.rviz -> /home/yinyudream/Desktop/final_design/colcon_ws/install/four_wheel_robot/share/four_wheel_robot/rviz
creating /home/yinyudream/Desktop/final_design/colcon_ws/install/four_wheel_robot/share/four_wheel_robot/worlds
symbolically linking /home/yinyudream/Desktop/final_design/colcon_ws/build/four_wheel_robot/worlds/flat_world.sdf -> /home/yinyudream/Desktop/final_design/colcon_ws/install/four_wheel_robot/share/four_wheel_robot/worlds
