[0.351s] Invoking command in '/home/yinyudream/Desktop/final_design/colcon_ws/build/four_wheel_robot': CONDA_PROMPT_MODIFIER=(base) PYTHONPATH=/home/yinyudream/Desktop/final_design/colcon_ws/build/four_wheel_robot/prefix_override:/usr/lib/python3/dist-packages/colcon_core/task/python/colcon_distutils_commands:/home/yinyudream/Desktop/final_design/colcon_ws/install/four_wheel_robot/lib/python3.10/site-packages:${PYTHONPATH} /usr/bin/python3 -W ignore:setup.py install is deprecated -W ignore:easy_install command is deprecated setup.py develop --editable --build-directory /home/yinyudream/Desktop/final_design/colcon_ws/build/four_wheel_robot/build --no-deps symlink_data
[0.464s] /usr/lib/python3/dist-packages/setuptools/dist.py:723: UserWarning: Usage of dash-separated 'script-dir' will not be supported in future versions. Please use the underscore name 'script_dir' instead
[0.464s]   warnings.warn(
[0.491s] running develop
[0.559s] running egg_info
[0.559s] creating four_wheel_robot.egg-info
[0.559s] writing four_wheel_robot.egg-info/PKG-INFO
[0.559s] writing dependency_links to four_wheel_robot.egg-info/dependency_links.txt
[0.560s] writing entry points to four_wheel_robot.egg-info/entry_points.txt
[0.560s] writing requirements to four_wheel_robot.egg-info/requires.txt
[0.560s] writing top-level names to four_wheel_robot.egg-info/top_level.txt
[0.560s] writing manifest file 'four_wheel_robot.egg-info/SOURCES.txt'
[0.561s] reading manifest file 'four_wheel_robot.egg-info/SOURCES.txt'
[0.561s] writing manifest file 'four_wheel_robot.egg-info/SOURCES.txt'
[0.562s] running build_ext
[0.562s] Creating /home/yinyudream/Desktop/final_design/colcon_ws/install/four_wheel_robot/lib/python3.10/site-packages/four-wheel-robot.egg-link (link to .)
[0.562s] Installing keyboard_teleop script to /home/yinyudream/Desktop/final_design/colcon_ws/install/four_wheel_robot/lib/four_wheel_robot
[0.562s] 
[0.562s] Installed /home/yinyudream/Desktop/final_design/colcon_ws/build/four_wheel_robot
[0.562s] running symlink_data
[0.562s] creating /home/yinyudream/Desktop/final_design/colcon_ws/install/four_wheel_robot/share/ament_index
[0.563s] creating /home/yinyudream/Desktop/final_design/colcon_ws/install/four_wheel_robot/share/ament_index/resource_index
[0.563s] creating /home/yinyudream/Desktop/final_design/colcon_ws/install/four_wheel_robot/share/ament_index/resource_index/packages
[0.563s] symbolically linking /home/yinyudream/Desktop/final_design/colcon_ws/build/four_wheel_robot/resource/four_wheel_robot -> /home/yinyudream/Desktop/final_design/colcon_ws/install/four_wheel_robot/share/ament_index/resource_index/packages
[0.563s] symbolically linking /home/yinyudream/Desktop/final_design/colcon_ws/build/four_wheel_robot/package.xml -> /home/yinyudream/Desktop/final_design/colcon_ws/install/four_wheel_robot/share/four_wheel_robot
[0.563s] creating /home/yinyudream/Desktop/final_design/colcon_ws/install/four_wheel_robot/share/four_wheel_robot/launch
[0.563s] symbolically linking /home/yinyudream/Desktop/final_design/colcon_ws/build/four_wheel_robot/launch/teleop.launch.py -> /home/yinyudream/Desktop/final_design/colcon_ws/install/four_wheel_robot/share/four_wheel_robot/launch
[0.563s] symbolically linking /home/yinyudream/Desktop/final_design/colcon_ws/build/four_wheel_robot/launch/sim.launch.py -> /home/yinyudream/Desktop/final_design/colcon_ws/install/four_wheel_robot/share/four_wheel_robot/launch
[0.563s] creating /home/yinyudream/Desktop/final_design/colcon_ws/install/four_wheel_robot/share/four_wheel_robot/urdf
[0.563s] symbolically linking /home/yinyudream/Desktop/final_design/colcon_ws/build/four_wheel_robot/urdf/four_wheel_robot.urdf.xacro -> /home/yinyudream/Desktop/final_design/colcon_ws/install/four_wheel_robot/share/four_wheel_robot/urdf
[0.563s] creating /home/yinyudream/Desktop/final_design/colcon_ws/install/four_wheel_robot/share/four_wheel_robot/config
[0.563s] symbolically linking /home/yinyudream/Desktop/final_design/colcon_ws/build/four_wheel_robot/config/ros2_control.yaml -> /home/yinyudream/Desktop/final_design/colcon_ws/install/four_wheel_robot/share/four_wheel_robot/config
[0.563s] creating /home/yinyudream/Desktop/final_design/colcon_ws/install/four_wheel_robot/share/four_wheel_robot/rviz
[0.563s] symbolically linking /home/yinyudream/Desktop/final_design/colcon_ws/build/four_wheel_robot/rviz/robot.rviz -> /home/yinyudream/Desktop/final_design/colcon_ws/install/four_wheel_robot/share/four_wheel_robot/rviz
[0.563s] creating /home/yinyudream/Desktop/final_design/colcon_ws/install/four_wheel_robot/share/four_wheel_robot/worlds
[0.563s] symbolically linking /home/yinyudream/Desktop/final_design/colcon_ws/build/four_wheel_robot/worlds/flat_world.sdf -> /home/yinyudream/Desktop/final_design/colcon_ws/install/four_wheel_robot/share/four_wheel_robot/worlds
[0.577s] Invoked command in '/home/yinyudream/Desktop/final_design/colcon_ws/build/four_wheel_robot' returned '0': CONDA_PROMPT_MODIFIER=(base) PYTHONPATH=/home/yinyudream/Desktop/final_design/colcon_ws/build/four_wheel_robot/prefix_override:/usr/lib/python3/dist-packages/colcon_core/task/python/colcon_distutils_commands:/home/yinyudream/Desktop/final_design/colcon_ws/install/four_wheel_robot/lib/python3.10/site-packages:${PYTHONPATH} /usr/bin/python3 -W ignore:setup.py install is deprecated -W ignore:easy_install command is deprecated setup.py develop --editable --build-directory /home/yinyudream/Desktop/final_design/colcon_ws/build/four_wheel_robot/build --no-deps symlink_data
