[0.016s] Invoking command in '/home/yinyudream/Desktop/final_design/build/simple_car_sim': CMAKE_PREFIX_PATH=/opt/ros/humble CONDA_PROMPT_MODIFIER=(base) /usr/bin/cmake --build /home/yinyudream/Desktop/final_design/build/simple_car_sim -- -j16 -l16
[0.046s] Invoked command in '/home/yinyudream/Desktop/final_design/build/simple_car_sim' returned '0': CMAKE_PREFIX_PATH=/opt/ros/humble CONDA_PROMPT_MODIFIER=(base) /usr/bin/cmake --build /home/yinyudream/Desktop/final_design/build/simple_car_sim -- -j16 -l16
[0.054s] Invoking command in '/home/yinyudream/Desktop/final_design/build/simple_car_sim': CMAKE_PREFIX_PATH=/opt/ros/humble CONDA_PROMPT_MODIFIER=(base) /usr/bin/cmake --install /home/yinyudream/Desktop/final_design/build/simple_car_sim
[0.058s] -- Install configuration: ""
[0.058s] -- Up-to-date: /home/yinyudream/Desktop/final_design/install/simple_car_sim/share/simple_car_sim/launch
[0.058s] -- Up-to-date: /home/yinyudream/Desktop/final_design/install/simple_car_sim/share/simple_car_sim/launch/simulation.launch.py
[0.058s] -- Up-to-date: /home/yinyudream/Desktop/final_design/install/simple_car_sim/share/simple_car_sim/urdf
[0.058s] -- Up-to-date: /home/yinyudream/Desktop/final_design/install/simple_car_sim/share/simple_car_sim/urdf/robot.urdf.xacro
[0.058s] -- Up-to-date: /home/yinyudream/Desktop/final_design/install/simple_car_sim/share/simple_car_sim/worlds
[0.058s] -- Up-to-date: /home/yinyudream/Desktop/final_design/install/simple_car_sim/share/simple_car_sim/worlds/car_world.sdf
[0.058s] -- Up-to-date: /home/yinyudream/Desktop/final_design/install/simple_car_sim/share/simple_car_sim/rviz
[0.058s] -- Up-to-date: /home/yinyudream/Desktop/final_design/install/simple_car_sim/share/simple_car_sim/rviz/config.rviz
[0.058s] -- Up-to-date: /home/yinyudream/Desktop/final_design/install/simple_car_sim/share/ament_index/resource_index/package_run_dependencies/simple_car_sim
[0.059s] -- Up-to-date: /home/yinyudream/Desktop/final_design/install/simple_car_sim/share/ament_index/resource_index/parent_prefix_path/simple_car_sim
[0.059s] -- Up-to-date: /home/yinyudream/Desktop/final_design/install/simple_car_sim/share/simple_car_sim/environment/ament_prefix_path.sh
[0.059s] -- Up-to-date: /home/yinyudream/Desktop/final_design/install/simple_car_sim/share/simple_car_sim/environment/ament_prefix_path.dsv
[0.059s] -- Up-to-date: /home/yinyudream/Desktop/final_design/install/simple_car_sim/share/simple_car_sim/environment/path.sh
[0.060s] -- Up-to-date: /home/yinyudream/Desktop/final_design/install/simple_car_sim/share/simple_car_sim/environment/path.dsv
[0.060s] -- Up-to-date: /home/yinyudream/Desktop/final_design/install/simple_car_sim/share/simple_car_sim/local_setup.bash
[0.060s] -- Up-to-date: /home/yinyudream/Desktop/final_design/install/simple_car_sim/share/simple_car_sim/local_setup.sh
[0.060s] -- Up-to-date: /home/yinyudream/Desktop/final_design/install/simple_car_sim/share/simple_car_sim/local_setup.zsh
[0.060s] -- Up-to-date: /home/yinyudream/Desktop/final_design/install/simple_car_sim/share/simple_car_sim/local_setup.dsv
[0.061s] -- Installing: /home/yinyudream/Desktop/final_design/install/simple_car_sim/share/simple_car_sim/package.dsv
[0.061s] -- Up-to-date: /home/yinyudream/Desktop/final_design/install/simple_car_sim/share/ament_index/resource_index/packages/simple_car_sim
[0.061s] -- Up-to-date: /home/yinyudream/Desktop/final_design/install/simple_car_sim/share/simple_car_sim/cmake/simple_car_simConfig.cmake
[0.061s] -- Up-to-date: /home/yinyudream/Desktop/final_design/install/simple_car_sim/share/simple_car_sim/cmake/simple_car_simConfig-version.cmake
[0.061s] -- Up-to-date: /home/yinyudream/Desktop/final_design/install/simple_car_sim/share/simple_car_sim/package.xml
[0.062s] Invoked command in '/home/yinyudream/Desktop/final_design/build/simple_car_sim' returned '0': CMAKE_PREFIX_PATH=/opt/ros/humble CONDA_PROMPT_MODIFIER=(base) /usr/bin/cmake --install /home/yinyudream/Desktop/final_design/build/simple_car_sim
