[0.007s] Invoking command in '/home/yinyudream/Desktop/final_design/src/build/my_bot': CMAKE_PREFIX_PATH=/opt/ros/humble CONDA_PROMPT_MODIFIER=(base) /usr/bin/cmake /home/yinyudream/Desktop/final_design/src/my_bot -DAMENT_CMAKE_SYMLINK_INSTALL=1 -DCMAKE_INSTALL_PREFIX=/home/yinyudream/Desktop/final_design/src/install/my_bot
[0.082s] -- The C compiler identification is GNU 11.4.0
[0.135s] -- The CXX compiler identification is GNU 11.4.0
[0.142s] -- Detecting C compiler ABI info
[0.195s] -- Detecting C compiler ABI info - done
[0.199s] -- Check for working C compiler: /usr/bin/cc - skipped
[0.199s] -- Detecting C compile features
[0.200s] -- Detecting C compile features - done
[0.202s] -- Detecting CXX compiler ABI info
[0.262s] -- Detecting CXX compiler ABI info - done
[0.266s] -- Check for working CXX compiler: /usr/bin/c++ - skipped
[0.267s] -- Detecting CXX compile features
[0.267s] -- Detecting CXX compile features - done
[0.271s] -- Found ament_cmake: 1.3.12 (/opt/ros/humble/share/ament_cmake/cmake)
[0.519s] -- Found Python3: /home/yinyudream/miniconda3/bin/python3 (found version "3.12.9") found components: Interpreter 
[0.574s] -- Override CMake install command with custom implementation using symlinks instead of copying resources
[0.593s] -- Found rclpy: 3.3.17 (/opt/ros/humble/share/rclpy/cmake)
[0.594s] -- Found urdf: 2.6.1 (/opt/ros/humble/share/urdf/cmake)
[0.631s] -- Found xacro: 2.1.1 (/opt/ros/humble/share/xacro/cmake)
[0.632s] -- Found geometry_msgs: 4.9.0 (/opt/ros/humble/share/geometry_msgs/cmake)
[0.650s] -- Found rosidl_generator_c: 3.1.7 (/opt/ros/humble/share/rosidl_generator_c/cmake)
[0.653s] -- Found rosidl_adapter: 3.1.7 (/opt/ros/humble/share/rosidl_adapter/cmake)
[0.659s] -- Found rosidl_generator_cpp: 3.1.7 (/opt/ros/humble/share/rosidl_generator_cpp/cmake)
[0.671s] -- Using all available rosidl_typesupport_c: rosidl_typesupport_fastrtps_c;rosidl_typesupport_introspection_c
[0.680s] -- Using all available rosidl_typesupport_cpp: rosidl_typesupport_fastrtps_cpp;rosidl_typesupport_introspection_cpp
[0.707s] -- Found ament_lint_auto: 0.12.14 (/opt/ros/humble/share/ament_lint_auto/cmake)
[0.782s] -- Added test 'flake8' to check Python code syntax and style conventions
[0.783s] -- Added test 'lint_cmake' to check CMake code style
[0.783s] -- Added test 'pep257' to check Python code against some of the docstring style conventions in PEP 257
[0.783s] -- Added test 'xmllint' to check XML markup files
[0.784s] -- Configuring done
[0.786s] -- Generating done
[0.787s] -- Build files have been written to: /home/yinyudream/Desktop/final_design/src/build/my_bot
[0.792s] Invoked command in '/home/yinyudream/Desktop/final_design/src/build/my_bot' returned '0': CMAKE_PREFIX_PATH=/opt/ros/humble CONDA_PROMPT_MODIFIER=(base) /usr/bin/cmake /home/yinyudream/Desktop/final_design/src/my_bot -DAMENT_CMAKE_SYMLINK_INSTALL=1 -DCMAKE_INSTALL_PREFIX=/home/yinyudream/Desktop/final_design/src/install/my_bot
[0.793s] Invoking command in '/home/yinyudream/Desktop/final_design/src/build/my_bot': CMAKE_PREFIX_PATH=/opt/ros/humble CONDA_PROMPT_MODIFIER=(base) /usr/bin/cmake --build /home/yinyudream/Desktop/final_design/src/build/my_bot -- -j16 -l16
[0.821s] Invoked command in '/home/yinyudream/Desktop/final_design/src/build/my_bot' returned '0': CMAKE_PREFIX_PATH=/opt/ros/humble CONDA_PROMPT_MODIFIER=(base) /usr/bin/cmake --build /home/yinyudream/Desktop/final_design/src/build/my_bot -- -j16 -l16
[0.829s] Invoking command in '/home/yinyudream/Desktop/final_design/src/build/my_bot': CMAKE_PREFIX_PATH=/opt/ros/humble CONDA_PROMPT_MODIFIER=(base) /usr/bin/cmake --install /home/yinyudream/Desktop/final_design/src/build/my_bot
[0.834s] -- Install configuration: ""
[0.834s] -- Execute custom install script
[0.834s] -- Symlinking: /home/yinyudream/Desktop/final_design/src/install/my_bot/share/my_bot/launch/rsp.launch.py
[0.841s] -- Symlinking: /home/yinyudream/Desktop/final_design/src/install/my_bot/share/my_bot/launch/sim.launch.py
[0.847s] -- Symlinking: /home/yinyudream/Desktop/final_design/src/install/my_bot/share/my_bot/urdf/robot.urdf.xacro
[0.852s] -- Symlinking: /home/yinyudream/Desktop/final_design/src/install/my_bot/share/my_bot/worlds/world.sdf
[0.858s] -- Symlinking: /home/yinyudream/Desktop/final_design/src/install/my_bot/share/my_bot/rviz/view_robot.rviz
[0.863s] -- Symlinking: /home/yinyudream/Desktop/final_design/src/install/my_bot/share/ament_index/resource_index/package_run_dependencies/my_bot
[0.869s] -- Symlinking: /home/yinyudream/Desktop/final_design/src/install/my_bot/share/ament_index/resource_index/parent_prefix_path/my_bot
[0.877s] -- Symlinking: /home/yinyudream/Desktop/final_design/src/install/my_bot/share/my_bot/environment/ament_prefix_path.sh
[0.884s] -- Symlinking: /home/yinyudream/Desktop/final_design/src/install/my_bot/share/my_bot/environment/ament_prefix_path.dsv
[0.890s] -- Symlinking: /home/yinyudream/Desktop/final_design/src/install/my_bot/share/my_bot/environment/path.sh
[0.895s] -- Symlinking: /home/yinyudream/Desktop/final_design/src/install/my_bot/share/my_bot/environment/path.dsv
[0.900s] -- Symlinking: /home/yinyudream/Desktop/final_design/src/install/my_bot/share/my_bot/local_setup.bash
[0.905s] -- Symlinking: /home/yinyudream/Desktop/final_design/src/install/my_bot/share/my_bot/local_setup.sh
[0.911s] -- Symlinking: /home/yinyudream/Desktop/final_design/src/install/my_bot/share/my_bot/local_setup.zsh
[0.916s] -- Symlinking: /home/yinyudream/Desktop/final_design/src/install/my_bot/share/my_bot/local_setup.dsv
[0.921s] -- Symlinking: /home/yinyudream/Desktop/final_design/src/install/my_bot/share/my_bot/package.dsv
[0.926s] -- Symlinking: /home/yinyudream/Desktop/final_design/src/install/my_bot/share/ament_index/resource_index/packages/my_bot
[0.932s] -- Symlinking: /home/yinyudream/Desktop/final_design/src/install/my_bot/share/my_bot/cmake/my_botConfig.cmake
[0.940s] -- Symlinking: /home/yinyudream/Desktop/final_design/src/install/my_bot/share/my_bot/cmake/my_botConfig-version.cmake
[0.945s] -- Symlinking: /home/yinyudream/Desktop/final_design/src/install/my_bot/share/my_bot/package.xml
[0.953s] Invoked command in '/home/yinyudream/Desktop/final_design/src/build/my_bot' returned '0': CMAKE_PREFIX_PATH=/opt/ros/humble CONDA_PROMPT_MODIFIER=(base) /usr/bin/cmake --install /home/yinyudream/Desktop/final_design/src/build/my_bot
