[0.009s] Invoking command in '/home/yinyudream/Desktop/final_design/src/build/my_bot': CMAKE_PREFIX_PATH=/opt/ros/humble CONDA_PROMPT_MODIFIER=(base) /usr/bin/cmake --build /home/yinyudream/Desktop/final_design/src/build/my_bot -- -j16 -l16
[0.041s] Invoked command in '/home/yinyudream/Desktop/final_design/src/build/my_bot' returned '0': CMAKE_PREFIX_PATH=/opt/ros/humble CONDA_PROMPT_MODIFIER=(base) /usr/bin/cmake --build /home/yinyudream/Desktop/final_design/src/build/my_bot -- -j16 -l16
[0.050s] Invoking command in '/home/yinyudream/Desktop/final_design/src/build/my_bot': CMAKE_PREFIX_PATH=/opt/ros/humble CONDA_PROMPT_MODIFIER=(base) /usr/bin/cmake --install /home/yinyudream/Desktop/final_design/src/build/my_bot
[0.055s] -- Install configuration: ""
[0.055s] -- Execute custom install script
[0.055s] -- Up-to-date symlink: /home/yinyudream/Desktop/final_design/src/install/my_bot/share/my_bot/launch/rsp.launch.py
[0.055s] -- Up-to-date symlink: /home/yinyudream/Desktop/final_design/src/install/my_bot/share/my_bot/launch/sim.launch.py
[0.055s] -- Up-to-date symlink: /home/yinyudream/Desktop/final_design/src/install/my_bot/share/my_bot/urdf/robot.urdf.xacro
[0.055s] -- Up-to-date symlink: /home/yinyudream/Desktop/final_design/src/install/my_bot/share/my_bot/worlds/world.sdf
[0.055s] -- Up-to-date symlink: /home/yinyudream/Desktop/final_design/src/install/my_bot/share/my_bot/rviz/view_robot.rviz
[0.056s] -- Up-to-date symlink: /home/yinyudream/Desktop/final_design/src/install/my_bot/share/ament_index/resource_index/package_run_dependencies/my_bot
[0.056s] -- Up-to-date symlink: /home/yinyudream/Desktop/final_design/src/install/my_bot/share/ament_index/resource_index/parent_prefix_path/my_bot
[0.056s] -- Up-to-date symlink: /home/yinyudream/Desktop/final_design/src/install/my_bot/share/my_bot/environment/ament_prefix_path.sh
[0.056s] -- Up-to-date symlink: /home/yinyudream/Desktop/final_design/src/install/my_bot/share/my_bot/environment/ament_prefix_path.dsv
[0.056s] -- Up-to-date symlink: /home/yinyudream/Desktop/final_design/src/install/my_bot/share/my_bot/environment/path.sh
[0.056s] -- Up-to-date symlink: /home/yinyudream/Desktop/final_design/src/install/my_bot/share/my_bot/environment/path.dsv
[0.056s] -- Up-to-date symlink: /home/yinyudream/Desktop/final_design/src/install/my_bot/share/my_bot/local_setup.bash
[0.056s] -- Up-to-date symlink: /home/yinyudream/Desktop/final_design/src/install/my_bot/share/my_bot/local_setup.sh
[0.057s] -- Up-to-date symlink: /home/yinyudream/Desktop/final_design/src/install/my_bot/share/my_bot/local_setup.zsh
[0.057s] -- Up-to-date symlink: /home/yinyudream/Desktop/final_design/src/install/my_bot/share/my_bot/local_setup.dsv
[0.057s] -- Symlinking: /home/yinyudream/Desktop/final_design/src/install/my_bot/share/my_bot/package.dsv
[0.063s] -- Up-to-date symlink: /home/yinyudream/Desktop/final_design/src/install/my_bot/share/ament_index/resource_index/packages/my_bot
[0.063s] -- Up-to-date symlink: /home/yinyudream/Desktop/final_design/src/install/my_bot/share/my_bot/cmake/my_botConfig.cmake
[0.063s] -- Up-to-date symlink: /home/yinyudream/Desktop/final_design/src/install/my_bot/share/my_bot/cmake/my_botConfig-version.cmake
[0.063s] -- Up-to-date symlink: /home/yinyudream/Desktop/final_design/src/install/my_bot/share/my_bot/package.xml
[0.064s] Invoked command in '/home/yinyudream/Desktop/final_design/src/build/my_bot' returned '0': CMAKE_PREFIX_PATH=/opt/ros/humble CONDA_PROMPT_MODIFIER=(base) /usr/bin/cmake --install /home/yinyudream/Desktop/final_design/src/build/my_bot
